<?xml version="1.0" encoding="UTF-8"?>
<coverage generated="1717739377167" clover="3.2.0">
  <project timestamp="1717739377167" name="All files">
    <metrics statements="575" coveredstatements="529" conditionals="325" coveredconditionals="245" methods="106" coveredmethods="101" elements="1006" coveredelements="875" complexity="0" loc="575" ncloc="575" packages="1" files="4" classes="4"/>
    <file name="DynamoDBModelTransformer.ts" path="/home/jim/dev/mb/graphql-dynamodb-transformer/src/DynamoDBModelTransformer.ts">
      <metrics statements="323" coveredstatements="300" conditionals="139" coveredconditionals="110" methods="31" coveredmethods="31"/>
      <line num="1" count="2" type="stmt"/>
      <line num="8" count="2" type="stmt"/>
      <line num="20" count="2" type="stmt"/>
      <line num="28" count="2" type="stmt"/>
      <line num="44" count="2" type="stmt"/>
      <line num="49" count="2" type="stmt"/>
      <line num="51" count="2" type="stmt"/>
      <line num="63" count="2" type="stmt"/>
      <line num="81" count="2" type="stmt"/>
      <line num="114" count="2" type="stmt"/>
      <line num="119" count="29" type="stmt"/>
      <line num="120" count="29" type="stmt"/>
      <line num="121" count="29" type="stmt"/>
      <line num="124" count="29" type="stmt"/>
      <line num="125" count="29" type="stmt"/>
      <line num="126" count="29" type="stmt"/>
      <line num="127" count="29" type="stmt"/>
      <line num="128" count="29" type="stmt"/>
      <line num="129" count="29" type="stmt"/>
      <line num="132" count="29" type="stmt"/>
      <line num="134" count="28" type="stmt"/>
      <line num="135" count="28" type="cond" truecount="1" falsecount="0"/>
      <line num="136" count="23" type="cond" truecount="1" falsecount="1"/>
      <line num="141" count="24" type="stmt"/>
      <line num="142" count="24" type="cond" truecount="1" falsecount="0"/>
      <line num="143" count="24" type="stmt"/>
      <line num="146" count="24" type="stmt"/>
      <line num="150" count="24" type="stmt"/>
      <line num="162" count="29" type="stmt"/>
      <line num="168" count="30" type="cond" truecount="3" falsecount="0"/>
      <line num="172" count="30" type="cond" truecount="1" falsecount="0"/>
      <line num="176" count="1" type="stmt"/>
      <line num="183" count="29" type="stmt"/>
      <line num="185" count="29" type="stmt"/>
      <line num="191" count="29" type="stmt"/>
      <line num="192" count="3" type="stmt"/>
      <line num="193" count="3" type="cond" truecount="1" falsecount="0"/>
      <line num="194" count="3" type="stmt"/>
      <line num="198" count="29" type="stmt"/>
      <line num="204" count="29" type="stmt"/>
      <line num="205" count="29" type="stmt"/>
      <line num="206" count="29" type="cond" truecount="1" falsecount="1"/>
      <line num="207" count="29" type="stmt"/>
      <line num="208" count="29" type="stmt"/>
      <line num="210" count="29" type="stmt"/>
      <line num="211" count="29" type="cond" truecount="1" falsecount="1"/>
      <line num="214" count="29" type="stmt"/>
      <line num="224" count="29" type="stmt"/>
      <line num="225" count="29" type="stmt"/>
      <line num="229" count="29" type="stmt"/>
      <line num="230" count="29" type="stmt"/>
      <line num="239" count="29" type="stmt"/>
      <line num="241" count="29" type="stmt"/>
      <line num="244" count="29" type="stmt"/>
      <line num="249" count="29" type="stmt"/>
      <line num="251" count="29" type="stmt"/>
      <line num="252" count="29" type="stmt"/>
      <line num="256" count="29" type="stmt"/>
      <line num="258" count="29" type="stmt"/>
      <line num="259" count="29" type="stmt"/>
      <line num="263" count="29" type="stmt"/>
      <line num="265" count="29" type="stmt"/>
      <line num="266" count="29" type="stmt"/>
      <line num="267" count="29" type="stmt"/>
      <line num="270" count="29" type="stmt"/>
      <line num="273" count="29" type="cond" truecount="0" falsecount="1"/>
      <line num="274" count="0" type="stmt"/>
      <line num="275" count="0" type="stmt"/>
      <line num="286" count="0" type="stmt"/>
      <line num="291" count="0" type="stmt"/>
      <line num="293" count="29" type="stmt"/>
      <line num="301" count="29" type="stmt"/>
      <line num="302" count="29" type="stmt"/>
      <line num="303" count="29" type="stmt"/>
      <line num="304" count="73" type="stmt"/>
      <line num="306" count="29" type="stmt"/>
      <line num="307" count="89" type="stmt"/>
      <line num="311" count="29" type="cond" truecount="1" falsecount="0"/>
      <line num="316" count="1" type="stmt"/>
      <line num="324" count="29" type="cond" truecount="1" falsecount="0"/>
      <line num="329" count="1" type="stmt"/>
      <line num="337" count="29" type="stmt"/>
      <line num="338" count="29" type="stmt"/>
      <line num="362" count="29" type="stmt"/>
      <line num="371" count="29" type="stmt"/>
      <line num="372" count="29" type="cond" truecount="1" falsecount="0"/>
      <line num="373" count="1" type="stmt"/>
      <line num="374" count="1" type="stmt"/>
      <line num="381" count="1" type="stmt"/>
      <line num="385" count="29" type="stmt"/>
      <line num="391" count="29" type="stmt"/>
      <line num="392" count="29" type="cond" truecount="1" falsecount="1"/>
      <line num="394" count="29" type="stmt"/>
      <line num="398" count="29" type="stmt"/>
      <line num="401" count="29" type="stmt"/>
      <line num="402" count="29" type="stmt"/>
      <line num="403" count="29" type="stmt"/>
      <line num="404" count="29" type="stmt"/>
      <line num="405" count="29" type="stmt"/>
      <line num="406" count="29" type="stmt"/>
      <line num="409" count="29" type="stmt"/>
      <line num="410" count="29" type="stmt"/>
      <line num="412" count="29" type="stmt"/>
      <line num="413" count="73" type="stmt"/>
      <line num="415" count="29" type="stmt"/>
      <line num="416" count="89" type="stmt"/>
      <line num="420" count="29" type="stmt"/>
      <line num="434" count="29" type="cond" truecount="2" falsecount="0"/>
      <line num="435" count="5" type="stmt"/>
      <line num="436" count="5" type="stmt"/>
      <line num="437" count="5" type="stmt"/>
      <line num="438" count="24" type="cond" truecount="1" falsecount="0"/>
      <line num="439" count="2" type="cond" truecount="1" falsecount="1"/>
      <line num="440" count="0" type="stmt"/>
      <line num="442" count="2" type="stmt"/>
      <line num="444" count="2" type="cond" truecount="2" falsecount="0"/>
      <line num="445" count="1" type="stmt"/>
      <line num="447" count="1" type="stmt"/>
      <line num="449" count="2" type="cond" truecount="2" falsecount="0"/>
      <line num="450" count="1" type="stmt"/>
      <line num="452" count="1" type="stmt"/>
      <line num="457" count="29" type="stmt"/>
      <line num="460" count="29" type="cond" truecount="1" falsecount="0"/>
      <line num="461" count="24" type="stmt"/>
      <line num="468" count="24" type="cond" truecount="1" falsecount="0"/>
      <line num="469" count="23" type="stmt"/>
      <line num="471" count="24" type="stmt"/>
      <line num="477" count="24" type="stmt"/>
      <line num="478" count="24" type="stmt"/>
      <line num="479" count="24" type="stmt"/>
      <line num="482" count="24" type="cond" truecount="1" falsecount="0"/>
      <line num="483" count="24" type="stmt"/>
      <line num="490" count="24" type="stmt"/>
      <line num="491" count="24" type="stmt"/>
      <line num="492" count="24" type="stmt"/>
      <line num="498" count="24" type="cond" truecount="1" falsecount="0"/>
      <line num="499" count="2" type="stmt"/>
      <line num="506" count="24" type="stmt"/>
      <line num="515" count="29" type="cond" truecount="1" falsecount="0"/>
      <line num="516" count="23" type="stmt"/>
      <line num="522" count="23" type="stmt"/>
      <line num="523" count="71" type="stmt"/>
      <line num="526" count="23" type="cond" truecount="1" falsecount="0"/>
      <line num="527" count="22" type="stmt"/>
      <line num="529" count="23" type="stmt"/>
      <line num="537" count="23" type="stmt"/>
      <line num="538" count="23" type="stmt"/>
      <line num="539" count="23" type="stmt"/>
      <line num="540" count="23" type="stmt"/>
      <line num="546" count="23" type="cond" truecount="1" falsecount="0"/>
      <line num="547" count="2" type="stmt"/>
      <line num="554" count="23" type="stmt"/>
      <line num="563" count="29" type="cond" truecount="1" falsecount="0"/>
      <line num="564" count="23" type="stmt"/>
      <line num="565" count="23" type="cond" truecount="1" falsecount="0"/>
      <line num="566" count="22" type="stmt"/>
      <line num="568" count="23" type="stmt"/>
      <line num="574" count="23" type="stmt"/>
      <line num="575" count="23" type="stmt"/>
      <line num="576" count="23" type="stmt"/>
      <line num="577" count="23" type="stmt"/>
      <line num="583" count="23" type="cond" truecount="1" falsecount="0"/>
      <line num="584" count="2" type="stmt"/>
      <line num="591" count="23" type="stmt"/>
      <line num="599" count="29" type="stmt"/>
      <line num="601" count="29" type="cond" truecount="4" falsecount="0"/>
      <line num="602" count="24" type="stmt"/>
      <line num="606" count="29" type="stmt"/>
      <line num="611" count="29" type="stmt"/>
      <line num="612" count="29" type="stmt"/>
      <line num="614" count="29" type="stmt"/>
      <line num="617" count="29" type="stmt"/>
      <line num="618" count="29" type="stmt"/>
      <line num="619" count="29" type="stmt"/>
      <line num="620" count="29" type="stmt"/>
      <line num="621" count="29" type="cond" truecount="1" falsecount="1"/>
      <line num="627" count="29" type="cond" truecount="2" falsecount="0"/>
      <line num="628" count="2" type="stmt"/>
      <line num="629" count="2" type="stmt"/>
      <line num="630" count="27" type="cond" truecount="1" falsecount="0"/>
      <line num="631" count="2" type="cond" truecount="1" falsecount="1"/>
      <line num="632" count="0" type="stmt"/>
      <line num="634" count="2" type="stmt"/>
      <line num="636" count="2" type="cond" truecount="2" falsecount="0"/>
      <line num="637" count="1" type="stmt"/>
      <line num="639" count="1" type="stmt"/>
      <line num="643" count="29" type="cond" truecount="1" falsecount="0"/>
      <line num="644" count="26" type="cond" truecount="1" falsecount="0"/>
      <line num="645" count="25" type="stmt"/>
      <line num="646" count="25" type="stmt"/>
      <line num="651" count="29" type="cond" truecount="0" falsecount="1"/>
      <line num="653" count="0" type="stmt"/>
      <line num="655" count="0" type="stmt"/>
      <line num="656" count="0" type="stmt"/>
      <line num="657" count="0" type="stmt"/>
      <line num="658" count="0" type="stmt"/>
      <line num="659" count="0" type="stmt"/>
      <line num="660" count="0" type="stmt"/>
      <line num="682" count="29" type="cond" truecount="1" falsecount="0"/>
      <line num="683" count="27" type="stmt"/>
      <line num="690" count="27" type="stmt"/>
      <line num="691" count="27" type="stmt"/>
      <line num="692" count="27" type="stmt"/>
      <line num="694" count="27" type="stmt"/>
      <line num="708" count="29" type="cond" truecount="1" falsecount="0"/>
      <line num="709" count="26" type="stmt"/>
      <line num="712" count="26" type="stmt"/>
      <line num="720" count="26" type="stmt"/>
      <line num="721" count="26" type="stmt"/>
      <line num="722" count="26" type="stmt"/>
      <line num="724" count="26" type="stmt"/>
      <line num="730" count="26" type="stmt"/>
      <line num="733" count="29" type="stmt"/>
      <line num="763" count="29" type="stmt"/>
      <line num="768" count="29" type="stmt"/>
      <line num="769" count="29" type="stmt"/>
      <line num="772" count="29" type="stmt"/>
      <line num="774" count="29" type="stmt"/>
      <line num="775" count="29" type="stmt"/>
      <line num="778" count="29" type="stmt"/>
      <line num="781" count="29" type="stmt"/>
      <line num="785" count="29" type="cond" truecount="1" falsecount="0"/>
      <line num="786" count="4" type="stmt"/>
      <line num="788" count="25" type="cond" truecount="2" falsecount="1"/>
      <line num="789" count="0" type="stmt"/>
      <line num="791" count="25" type="cond" truecount="2" falsecount="0"/>
      <line num="798" count="1" type="stmt"/>
      <line num="799" count="1" type="cond" truecount="1" falsecount="1"/>
      <line num="800" count="1" type="cond" truecount="1" falsecount="1"/>
      <line num="801" count="1" type="cond" truecount="1" falsecount="1"/>
      <line num="802" count="1" type="stmt"/>
      <line num="804" count="1" type="stmt"/>
      <line num="805" count="4" type="stmt"/>
      <line num="808" count="1" type="stmt"/>
      <line num="809" count="2" type="cond" truecount="3" falsecount="0"/>
      <line num="810" count="2" type="stmt"/>
      <line num="814" count="2" type="cond" truecount="3" falsecount="0"/>
      <line num="815" count="1" type="stmt"/>
      <line num="819" count="2" type="cond" truecount="3" falsecount="0"/>
      <line num="820" count="1" type="stmt"/>
      <line num="825" count="1" type="stmt"/>
      <line num="826" count="2" type="stmt"/>
      <line num="831" count="2" type="stmt"/>
      <line num="835" count="24" type="cond" truecount="1" falsecount="0"/>
      <line num="836" count="22" type="stmt"/>
      <line num="841" count="22" type="stmt"/>
      <line num="843" count="24" type="cond" truecount="1" falsecount="0"/>
      <line num="844" count="21" type="stmt"/>
      <line num="849" count="21" type="stmt"/>
      <line num="851" count="24" type="cond" truecount="1" falsecount="0"/>
      <line num="852" count="21" type="stmt"/>
      <line num="857" count="21" type="stmt"/>
      <line num="861" count="25" type="stmt"/>
      <line num="865" count="349" type="stmt"/>
      <line num="873" count="26" type="stmt"/>
      <line num="876" count="26" type="cond" truecount="0" falsecount="1"/>
      <line num="877" count="0" type="stmt"/>
      <line num="881" count="26" type="stmt"/>
      <line num="882" count="26" type="stmt"/>
      <line num="883" count="26" type="stmt"/>
      <line num="890" count="26" type="stmt"/>
      <line num="891" count="26" type="stmt"/>
      <line num="892" count="133" type="cond" truecount="1" falsecount="0"/>
      <line num="893" count="128" type="stmt"/>
      <line num="898" count="26" type="stmt"/>
      <line num="903" count="26" type="stmt"/>
      <line num="904" count="1" type="cond" truecount="1" falsecount="0"/>
      <line num="905" count="1" type="stmt"/>
      <line num="910" count="26" type="stmt"/>
      <line num="915" count="26" type="cond" truecount="1" falsecount="0"/>
      <line num="916" count="26" type="stmt"/>
      <line num="919" count="26" type="cond" truecount="1" falsecount="0"/>
      <line num="920" count="3" type="stmt"/>
      <line num="921" count="3" type="cond" truecount="1" falsecount="0"/>
      <line num="922" count="3" type="stmt"/>
      <line num="937" count="24" type="stmt"/>
      <line num="938" count="24" type="stmt"/>
      <line num="939" count="122" type="cond" truecount="1" falsecount="0"/>
      <line num="940" count="5" type="stmt"/>
      <line num="945" count="24" type="stmt"/>
      <line num="950" count="24" type="stmt"/>
      <line num="951" count="1" type="cond" truecount="0" falsecount="1"/>
      <line num="952" count="0" type="stmt"/>
      <line num="956" count="24" type="cond" truecount="1" falsecount="0"/>
      <line num="958" count="2" type="stmt"/>
      <line num="963" count="2" type="cond" truecount="1" falsecount="0"/>
      <line num="964" count="2" type="stmt"/>
      <line num="967" count="2" type="stmt"/>
      <line num="968" count="2" type="cond" truecount="0" falsecount="1"/>
      <line num="969" count="0" type="stmt"/>
      <line num="975" count="29" type="stmt"/>
      <line num="978" count="29" type="stmt"/>
      <line num="986" count="29" type="stmt"/>
      <line num="987" count="29" type="cond" truecount="1" falsecount="2"/>
      <line num="988" count="0" type="stmt"/>
      <line num="990" count="29" type="cond" truecount="0" falsecount="1"/>
      <line num="995" count="0" type="stmt"/>
      <line num="996" count="0" type="cond" truecount="0" falsecount="2"/>
      <line num="1000" count="0" type="stmt"/>
      <line num="1002" count="0" type="stmt"/>
      <line num="1007" count="29" type="stmt"/>
      <line num="1017" count="29" type="cond" truecount="1" falsecount="0"/>
      <line num="1020" count="4" type="stmt"/>
      <line num="1022" count="4" type="cond" truecount="1" falsecount="0"/>
      <line num="1024" count="2" type="stmt"/>
      <line num="1027" count="2" type="stmt"/>
      <line num="1028" count="2" type="stmt"/>
      <line num="1032" count="2" type="cond" truecount="2" falsecount="1"/>
      <line num="1033" count="0" type="stmt"/>
      <line num="1037" count="2" type="stmt"/>
      <line num="1038" count="2" type="stmt"/>
      <line num="1041" count="2" type="cond" truecount="1" falsecount="0"/>
      <line num="1042" count="2" type="stmt"/>
      <line num="1043" count="10" type="stmt"/>
      <line num="1046" count="2" type="stmt"/>
      <line num="1051" count="2" type="stmt"/>
      <line num="1059" count="277" type="stmt"/>
      <line num="1065" count="116" type="cond" truecount="1" falsecount="0"/>
      <line num="1072" count="4" type="stmt"/>
      <line num="1074" count="112" type="stmt"/>
      <line num="1082" count="24" type="cond" truecount="2" falsecount="0"/>
      <line num="1085" count="24" type="stmt"/>
      <line num="1089" count="24" type="stmt"/>
    </file>
    <file name="ModelDirectiveArgs.ts" path="/home/jim/dev/mb/graphql-dynamodb-transformer/src/ModelDirectiveArgs.ts">
      <metrics statements="12" coveredstatements="12" conditionals="4" coveredconditionals="4" methods="3" coveredmethods="3"/>
      <line num="1" count="2" type="stmt"/>
      <line num="37" count="2" type="stmt"/>
      <line num="38" count="87" type="stmt"/>
      <line num="41" count="2" type="stmt"/>
      <line num="42" count="87" type="stmt"/>
      <line num="45" count="2" type="stmt"/>
      <line num="46" count="174" type="stmt"/>
      <line num="47" count="174" type="stmt"/>
      <line num="54" count="174" type="cond" truecount="1" falsecount="0"/>
      <line num="55" count="166" type="cond" truecount="3" falsecount="0"/>
      <line num="56" count="10" type="stmt"/>
      <line num="58" count="156" type="stmt"/>
    </file>
    <file name="definitions.ts" path="/home/jim/dev/mb/graphql-dynamodb-transformer/src/definitions.ts">
      <metrics statements="194" coveredstatements="176" conditionals="99" coveredconditionals="74" methods="48" coveredmethods="46"/>
      <line num="1" count="2" type="stmt"/>
      <line num="15" count="2" type="stmt"/>
      <line num="37" count="2" type="stmt"/>
      <line num="39" count="2" type="stmt"/>
      <line num="40" count="2" type="stmt"/>
      <line num="41" count="2" type="stmt"/>
      <line num="42" count="2" type="stmt"/>
      <line num="43" count="2" type="stmt"/>
      <line num="44" count="2" type="stmt"/>
      <line num="46" count="2" type="stmt"/>
      <line num="47" count="2" type="stmt"/>
      <line num="48" count="2" type="stmt"/>
      <line num="49" count="2" type="stmt"/>
      <line num="50" count="2" type="stmt"/>
      <line num="52" count="2" type="stmt"/>
      <line num="54" count="2" type="stmt"/>
      <line num="60" count="32" type="stmt"/>
      <line num="61" count="96" type="cond" truecount="1" falsecount="0"/>
      <line num="62" count="5" type="stmt"/>
      <line num="64" count="5" type="cond" truecount="1" falsecount="0"/>
      <line num="67" count="0" type="stmt"/>
      <line num="72" count="3" type="stmt"/>
      <line num="73" count="3" type="stmt"/>
      <line num="78" count="32" type="stmt"/>
      <line num="81" count="2" type="stmt"/>
      <line num="86" count="3" type="stmt"/>
      <line num="87" count="3" type="stmt"/>
      <line num="89" count="5" type="stmt"/>
      <line num="90" count="5" type="cond" truecount="1" falsecount="0"/>
      <line num="92" count="3" type="stmt"/>
      <line num="95" count="5" type="stmt"/>
      <line num="97" count="0" type="stmt"/>
      <line num="100" count="7" type="cond" truecount="2" falsecount="0"/>
      <line num="103" count="5" type="stmt"/>
      <line num="112" count="3" type="stmt"/>
      <line num="128" count="2" type="stmt"/>
      <line num="135" count="24" type="stmt"/>
      <line num="136" count="24" type="stmt"/>
      <line num="137" count="24" type="stmt"/>
      <line num="140" count="24" type="stmt"/>
      <line num="146" count="24" type="stmt"/>
      <line num="147" count="24" type="stmt"/>
      <line num="149" count="75" type="stmt"/>
      <line num="150" count="75" type="cond" truecount="1" falsecount="0"/>
      <line num="152" count="4" type="stmt"/>
      <line num="155" count="75" type="stmt"/>
      <line num="157" count="0" type="stmt"/>
      <line num="161" count="75" type="stmt"/>
      <line num="162" count="75" type="cond" truecount="2" falsecount="0"/>
      <line num="168" count="44" type="stmt"/>
      <line num="170" count="31" type="cond" truecount="2" falsecount="0"/>
      <line num="174" count="75" type="stmt"/>
      <line num="184" count="24" type="cond" truecount="0" falsecount="1"/>
      <line num="185" count="0" type="stmt"/>
      <line num="187" count="24" type="stmt"/>
      <line num="206" count="2" type="stmt"/>
      <line num="207" count="23" type="stmt"/>
      <line num="208" count="71" type="stmt"/>
      <line num="209" count="71" type="stmt"/>
      <line num="212" count="23" type="stmt"/>
      <line num="215" count="71" type="cond" truecount="3" falsecount="0"/>
      <line num="219" count="15" type="stmt"/>
      <line num="222" count="2" type="stmt"/>
      <line num="228" count="23" type="stmt"/>
      <line num="229" count="23" type="stmt"/>
      <line num="231" count="71" type="stmt"/>
      <line num="232" count="71" type="cond" truecount="1" falsecount="0"/>
      <line num="234" count="4" type="stmt"/>
      <line num="237" count="71" type="stmt"/>
      <line num="239" count="0" type="stmt"/>
      <line num="243" count="71" type="cond" truecount="2" falsecount="0"/>
      <line num="244" count="22" type="stmt"/>
      <line num="246" count="49" type="stmt"/>
      <line num="248" count="71" type="cond" truecount="2" falsecount="0"/>
      <line num="251" count="71" type="stmt"/>
      <line num="260" count="23" type="cond" truecount="0" falsecount="1"/>
      <line num="261" count="0" type="stmt"/>
      <line num="263" count="23" type="stmt"/>
      <line num="279" count="2" type="cond" truecount="0" falsecount="1"/>
      <line num="280" count="23" type="stmt"/>
      <line num="281" count="23" type="stmt"/>
      <line num="294" count="23" type="cond" truecount="0" falsecount="1"/>
      <line num="295" count="0" type="stmt"/>
      <line num="297" count="23" type="stmt"/>
      <line num="313" count="2" type="stmt"/>
      <line num="318" count="26" type="stmt"/>
      <line num="319" count="26" type="stmt"/>
      <line num="321" count="81" type="stmt"/>
      <line num="322" count="81" type="cond" truecount="4" falsecount="0"/>
      <line num="323" count="79" type="stmt"/>
      <line num="327" count="79" type="stmt"/>
      <line num="328" count="79" type="stmt"/>
      <line num="329" count="79" type="stmt"/>
      <line num="330" count="79" type="cond" truecount="2" falsecount="0"/>
      <line num="332" count="79" type="cond" truecount="4" falsecount="0"/>
      <line num="336" count="79" type="stmt"/>
      <line num="346" count="26" type="stmt"/>
      <line num="382" count="26" type="stmt"/>
      <line num="398" count="2" type="stmt"/>
      <line num="403" count="2" type="stmt"/>
      <line num="404" count="2" type="stmt"/>
      <line num="406" count="4" type="stmt"/>
      <line num="407" count="4" type="cond" truecount="2" falsecount="2"/>
      <line num="408" count="4" type="stmt"/>
      <line num="412" count="4" type="stmt"/>
      <line num="413" count="4" type="stmt"/>
      <line num="414" count="4" type="stmt"/>
      <line num="415" count="4" type="cond" truecount="1" falsecount="1"/>
      <line num="417" count="4" type="cond" truecount="2" falsecount="2"/>
      <line num="421" count="4" type="stmt"/>
      <line num="431" count="2" type="stmt"/>
      <line num="467" count="2" type="stmt"/>
      <line num="483" count="2" type="stmt"/>
      <line num="488" count="50" type="stmt"/>
      <line num="490" count="156" type="stmt"/>
      <line num="491" count="156" type="cond" truecount="2" falsecount="0"/>
      <line num="494" count="2" type="stmt"/>
      <line num="495" count="2" type="stmt"/>
      <line num="496" count="2" type="cond" truecount="1" falsecount="1"/>
      <line num="499" count="2" type="stmt"/>
      <line num="501" count="2" type="stmt"/>
      <line num="511" count="2" type="stmt"/>
      <line num="521" count="2" type="cond" truecount="1" falsecount="0"/>
      <line num="522" count="2" type="stmt"/>
      <line num="532" count="2" type="stmt"/>
      <line num="543" count="2" type="stmt"/>
      <line num="555" count="2" type="stmt"/>
      <line num="556" count="25" type="stmt"/>
      <line num="557" count="25" type="stmt"/>
      <line num="579" count="2" type="stmt"/>
      <line num="580" count="250" type="stmt"/>
      <line num="581" count="250" type="stmt"/>
      <line num="582" count="1800" type="stmt"/>
      <line num="590" count="250" type="stmt"/>
      <line num="591" count="250" type="cond" truecount="1" falsecount="0"/>
      <line num="592" count="25" type="stmt"/>
      <line num="594" count="250" type="stmt"/>
      <line num="611" count="1835" type="cond" truecount="2" falsecount="2"/>
      <line num="613" count="205" type="stmt"/>
      <line num="616" count="0" type="stmt"/>
      <line num="618" count="1630" type="stmt"/>
      <line num="623" count="250" type="cond" truecount="5" falsecount="1"/>
      <line num="625" count="50" type="stmt"/>
      <line num="627" count="50" type="stmt"/>
      <line num="629" count="50" type="stmt"/>
      <line num="631" count="50" type="stmt"/>
      <line num="633" count="50" type="stmt"/>
      <line num="635" count="0" type="stmt"/>
      <line num="640" count="5" type="stmt"/>
      <line num="641" count="35" type="stmt"/>
      <line num="649" count="5" type="stmt"/>
      <line num="666" count="25" type="cond" truecount="5" falsecount="1"/>
      <line num="668" count="5" type="stmt"/>
      <line num="670" count="5" type="stmt"/>
      <line num="672" count="5" type="stmt"/>
      <line num="674" count="5" type="stmt"/>
      <line num="676" count="5" type="stmt"/>
      <line num="678" count="0" type="stmt"/>
      <line num="683" count="25" type="stmt"/>
      <line num="684" count="25" type="stmt"/>
      <line num="686" count="25" type="cond" truecount="1" falsecount="0"/>
      <line num="687" count="25" type="stmt"/>
      <line num="697" count="25" type="cond" truecount="1" falsecount="0"/>
      <line num="698" count="25" type="stmt"/>
      <line num="708" count="25" type="cond" truecount="1" falsecount="0"/>
      <line num="709" count="10" type="stmt"/>
      <line num="719" count="25" type="stmt"/>
      <line num="722" count="2" type="stmt"/>
      <line num="723" count="50" type="stmt"/>
      <line num="729" count="5" type="stmt"/>
      <line num="732" count="50" type="stmt"/>
      <line num="737" count="2" type="cond" truecount="0" falsecount="1"/>
      <line num="738" count="26" type="stmt"/>
      <line num="739" count="26" type="stmt"/>
      <line num="740" count="26" type="stmt"/>
      <line num="741" count="26" type="stmt"/>
      <line num="742" count="26" type="cond" truecount="0" falsecount="1"/>
      <line num="743" count="0" type="stmt"/>
      <line num="745" count="26" type="stmt"/>
      <line num="748" count="2" type="stmt"/>
      <line num="749" count="66" type="stmt"/>
      <line num="767" count="2" type="stmt"/>
      <line num="773" count="0" type="stmt"/>
      <line num="779" count="0" type="cond" truecount="0" falsecount="1"/>
      <line num="781" count="0" type="cond" truecount="0" falsecount="2"/>
      <line num="782" count="0" type="stmt"/>
      <line num="784" count="0" type="stmt"/>
      <line num="787" count="0" type="stmt"/>
      <line num="789" count="0" type="stmt"/>
      <line num="792" count="2" type="stmt"/>
      <line num="793" count="50" type="stmt"/>
      <line num="801" count="50" type="cond" truecount="1" falsecount="0"/>
      <line num="802" count="5" type="stmt"/>
      <line num="805" count="50" type="stmt"/>
    </file>
    <file name="resources.ts" path="/home/jim/dev/mb/graphql-dynamodb-transformer/src/resources.ts">
      <metrics statements="46" coveredstatements="41" conditionals="83" coveredconditionals="57" methods="24" coveredmethods="21"/>
      <line num="1" count="2" type="stmt"/>
      <line num="3" count="2" type="stmt"/>
      <line num="26" count="2" type="stmt"/>
      <line num="35" count="2" type="stmt"/>
      <line num="36" count="2" type="stmt"/>
      <line num="38" count="2" type="stmt"/>
      <line num="56" count="2" type="stmt"/>
      <line num="58" count="29" type="stmt"/>
      <line num="89" count="29" type="stmt"/>
      <line num="120" count="29" type="stmt"/>
      <line num="131" count="0" type="stmt"/>
      <line num="141" count="29" type="stmt"/>
      <line num="151" count="29" type="stmt"/>
      <line num="161" count="29" type="stmt"/>
      <line num="171" count="29" type="stmt"/>
      <line num="181" count="29" type="stmt"/>
      <line num="201" count="29" type="cond" truecount="3" falsecount="1"/>
      <line num="214" count="29" type="cond" truecount="3" falsecount="1"/>
      <line num="226" count="29" type="stmt"/>
      <line num="255" count="116" type="stmt"/>
      <line num="272" count="29" type="stmt"/>
      <line num="373" count="29" type="stmt"/>
      <line num="394" count="24" type="cond" truecount="2" falsecount="0"/>
      <line num="395" count="24" type="cond" truecount="1" falsecount="1"/>
      <line num="396" count="24" type="stmt"/>
      <line num="449" count="27" type="cond" truecount="5" falsecount="1"/>
      <line num="450" count="24" type="stmt"/>
      <line num="484" count="23" type="cond" truecount="2" falsecount="0"/>
      <line num="485" count="23" type="cond" truecount="1" falsecount="1"/>
      <line num="486" count="23" type="stmt"/>
      <line num="488" count="23" type="stmt"/>
      <line num="591" count="27" type="cond" truecount="2" falsecount="0"/>
      <line num="592" count="27" type="stmt"/>
      <line num="619" count="0" type="stmt"/>
      <line num="620" count="0" type="stmt"/>
      <line num="642" count="0" type="cond" truecount="0" falsecount="2"/>
      <line num="643" count="0" type="stmt"/>
      <line num="695" count="26" type="cond" truecount="2" falsecount="0"/>
      <line num="696" count="26" type="stmt"/>
      <line num="697" count="26" type="stmt"/>
      <line num="744" count="23" type="cond" truecount="2" falsecount="0"/>
      <line num="745" count="23" type="cond" truecount="1" falsecount="1"/>
      <line num="746" count="23" type="stmt"/>
      <line num="834" count="29" type="stmt"/>
      <line num="835" count="70" type="cond" truecount="2" falsecount="0"/>
      <line num="836" count="70" type="stmt"/>
    </file>
  </project>
</coverage>
