{"/home/jim/dev/mb/graphql-dynamodb-transformer/src/DynamoDBModelTransformer.ts": {"path":"/home/jim/dev/mb/graphql-dynamodb-transformer/src/DynamoDBModelTransformer.ts","statementMap":{"0":{"start":{"line":1,"column":0},"end":{"line":1,"column":58}},"1":{"start":{"line":8,"column":0},"end":{"line":8,"column":null}},"2":{"start":{"line":20,"column":0},"end":{"line":20,"column":null}},"3":{"start":{"line":28,"column":0},"end":{"line":28,"column":null}},"4":{"start":{"line":44,"column":0},"end":{"line":44,"column":null}},"5":{"start":{"line":49,"column":0},"end":{"line":49,"column":46}},"6":{"start":{"line":51,"column":21},"end":{"line":51,"column":50}},"7":{"start":{"line":63,"column":13},"end":{"line":63,"column":44}},"8":{"start":{"line":81,"column":13},"end":{"line":112,"column":2}},"9":{"start":{"line":119,"column":4},"end":{"line":119,"column":59}},"10":{"start":{"line":124,"column":9},"end":{"line":130,"column":4}},"11":{"start":{"line":125,"column":21},"end":{"line":125,"column":50}},"12":{"start":{"line":126,"column":4},"end":{"line":126,"column":43}},"13":{"start":{"line":127,"column":4},"end":{"line":127,"column":45}},"14":{"start":{"line":128,"column":4},"end":{"line":128,"column":39}},"15":{"start":{"line":129,"column":4},"end":{"line":129,"column":45}},"16":{"start":{"line":132,"column":9},"end":{"line":155,"column":4}},"17":{"start":{"line":134,"column":22},"end":{"line":134,"column":52}},"18":{"start":{"line":135,"column":4},"end":{"line":154,"column":5}},"19":{"start":{"line":136,"column":6},"end":{"line":153,"column":8}},"20":{"start":{"line":141,"column":33},"end":{"line":141,"column":58}},"21":{"start":{"line":142,"column":10},"end":{"line":151,"column":11}},"22":{"start":{"line":143,"column":47},"end":{"line":144,"column":null}},"23":{"start":{"line":146,"column":12},"end":{"line":149,"column":25}},"24":{"start":{"line":150,"column":12},"end":{"line":150,"column":50}},"25":{"start":{"line":162,"column":9},"end":{"line":294,"column":4}},"26":{"start":{"line":168,"column":6},"end":{"line":170,"column":54}},"27":{"start":{"line":172,"column":4},"end":{"line":179,"column":5}},"28":{"start":{"line":176,"column":6},"end":{"line":178,"column":8}},"29":{"start":{"line":183,"column":22},"end":{"line":183,"column":36}},"30":{"start":{"line":185,"column":54},"end":{"line":188,"column":null}},"31":{"start":{"line":191,"column":4},"end":{"line":196,"column":7}},"32":{"start":{"line":192,"column":29},"end":{"line":192,"column":79}},"33":{"start":{"line":193,"column":6},"end":{"line":195,"column":7}},"34":{"start":{"line":194,"column":8},"end":{"line":194,"column":37}},"35":{"start":{"line":198,"column":4},"end":{"line":198,"column":41}},"36":{"start":{"line":204,"column":21},"end":{"line":204,"column":35}},"37":{"start":{"line":205,"column":4},"end":{"line":205,"column":38}},"38":{"start":{"line":206,"column":26},"end":{"line":206,"column":61}},"39":{"start":{"line":207,"column":27},"end":{"line":207,"column":74}},"40":{"start":{"line":208,"column":29},"end":{"line":208,"column":75}},"41":{"start":{"line":210,"column":6},"end":{"line":210,"column":55}},"42":{"start":{"line":211,"column":27},"end":{"line":213,"column":29}},"43":{"start":{"line":214,"column":4},"end":{"line":223,"column":6}},"44":{"start":{"line":224,"column":4},"end":{"line":224,"column":54}},"45":{"start":{"line":225,"column":4},"end":{"line":228,"column":6}},"46":{"start":{"line":229,"column":4},"end":{"line":229,"column":56}},"47":{"start":{"line":230,"column":4},"end":{"line":238,"column":6}},"48":{"start":{"line":239,"column":4},"end":{"line":239,"column":63}},"49":{"start":{"line":241,"column":30},"end":{"line":243,"column":7}},"50":{"start":{"line":244,"column":4},"end":{"line":248,"column":6}},"51":{"start":{"line":249,"column":4},"end":{"line":249,"column":57}},"52":{"start":{"line":251,"column":31},"end":{"line":251,"column":69}},"53":{"start":{"line":252,"column":4},"end":{"line":255,"column":6}},"54":{"start":{"line":256,"column":4},"end":{"line":256,"column":58}},"55":{"start":{"line":258,"column":30},"end":{"line":258,"column":59}},"56":{"start":{"line":259,"column":4},"end":{"line":262,"column":6}},"57":{"start":{"line":263,"column":4},"end":{"line":263,"column":57}},"58":{"start":{"line":265,"column":4},"end":{"line":265,"column":44}},"59":{"start":{"line":266,"column":4},"end":{"line":266,"column":61}},"60":{"start":{"line":267,"column":4},"end":{"line":267,"column":50}},"61":{"start":{"line":270,"column":4},"end":{"line":270,"column":48}},"62":{"start":{"line":273,"column":4},"end":{"line":292,"column":5}},"63":{"start":{"line":274,"column":18},"end":{"line":274,"column":47}},"64":{"start":{"line":275,"column":24},"end":{"line":284,"column":8}},"65":{"start":{"line":286,"column":21},"end":{"line":289,"column":8}},"66":{"start":{"line":291,"column":6},"end":{"line":291,"column":31}},"67":{"start":{"line":293,"column":4},"end":{"line":293,"column":49}},"68":{"start":{"line":385,"column":10},"end":{"line":604,"column":4}},"69":{"start":{"line":391,"column":21},"end":{"line":391,"column":35}},"70":{"start":{"line":392,"column":26},"end":{"line":392,"column":61}},"71":{"start":{"line":394,"column":27},"end":{"line":394,"column":29}},"72":{"start":{"line":398,"column":6},"end":{"line":398,"column":38}},"73":{"start":{"line":401,"column":27},"end":{"line":401,"column":31}},"74":{"start":{"line":402,"column":27},"end":{"line":402,"column":31}},"75":{"start":{"line":403,"column":27},"end":{"line":403,"column":31}},"76":{"start":{"line":404,"column":34},"end":{"line":404,"column":43}},"77":{"start":{"line":405,"column":34},"end":{"line":405,"column":43}},"78":{"start":{"line":406,"column":34},"end":{"line":406,"column":43}},"79":{"start":{"line":409,"column":27},"end":{"line":409,"column":59}},"80":{"start":{"line":410,"column":27},"end":{"line":410,"column":59}},"81":{"start":{"line":412,"column":35},"end":{"line":413,"column":null}},"82":{"start":{"line":413,"column":13},"end":{"line":413,"column":44}},"83":{"start":{"line":415,"column":35},"end":{"line":416,"column":null}},"84":{"start":{"line":416,"column":13},"end":{"line":416,"column":44}},"85":{"start":{"line":420,"column":28},"end":{"line":431,"column":6}},"86":{"start":{"line":434,"column":4},"end":{"line":454,"column":5}},"87":{"start":{"line":435,"column":6},"end":{"line":435,"column":31}},"88":{"start":{"line":436,"column":6},"end":{"line":436,"column":31}},"89":{"start":{"line":437,"column":6},"end":{"line":437,"column":31}},"90":{"start":{"line":438,"column":11},"end":{"line":454,"column":5}},"91":{"start":{"line":439,"column":6},"end":{"line":443,"column":7}},"92":{"start":{"line":440,"column":8},"end":{"line":440,"column":33}},"93":{"start":{"line":442,"column":8},"end":{"line":442,"column":70}},"94":{"start":{"line":444,"column":6},"end":{"line":448,"column":7}},"95":{"start":{"line":445,"column":8},"end":{"line":445,"column":33}},"96":{"start":{"line":447,"column":8},"end":{"line":447,"column":70}},"97":{"start":{"line":449,"column":6},"end":{"line":453,"column":7}},"98":{"start":{"line":450,"column":8},"end":{"line":450,"column":33}},"99":{"start":{"line":452,"column":8},"end":{"line":452,"column":70}},"100":{"start":{"line":457,"column":6},"end":{"line":457,"column":60}},"101":{"start":{"line":460,"column":4},"end":{"line":513,"column":5}},"102":{"start":{"line":461,"column":26},"end":{"line":466,"column":null}},"103":{"start":{"line":468,"column":6},"end":{"line":470,"column":7}},"104":{"start":{"line":469,"column":8},"end":{"line":469,"column":34}},"105":{"start":{"line":471,"column":29},"end":{"line":475,"column":8}},"106":{"start":{"line":477,"column":8},"end":{"line":477,"column":70}},"107":{"start":{"line":478,"column":6},"end":{"line":488,"column":9}},"108":{"start":{"line":479,"column":25},"end":{"line":480,"column":null}},"109":{"start":{"line":482,"column":8},"end":{"line":487,"column":9}},"110":{"start":{"line":483,"column":10},"end":{"line":486,"column":12}},"111":{"start":{"line":490,"column":6},"end":{"line":490,"column":50}},"112":{"start":{"line":491,"column":6},"end":{"line":491,"column":51}},"113":{"start":{"line":492,"column":19},"end":{"line":497,"column":8}},"114":{"start":{"line":498,"column":6},"end":{"line":505,"column":7}},"115":{"start":{"line":499,"column":8},"end":{"line":504,"column":10}},"116":{"start":{"line":506,"column":6},"end":{"line":512,"column":8}},"117":{"start":{"line":515,"column":4},"end":{"line":561,"column":5}},"118":{"start":{"line":516,"column":26},"end":{"line":520,"column":null}},"119":{"start":{"line":522,"column":40},"end":{"line":524,"column":null}},"120":{"start":{"line":523,"column":38},"end":{"line":523,"column":39}},"121":{"start":{"line":526,"column":6},"end":{"line":528,"column":7}},"122":{"start":{"line":527,"column":8},"end":{"line":527,"column":34}},"123":{"start":{"line":529,"column":29},"end":{"line":535,"column":8}},"124":{"start":{"line":537,"column":8},"end":{"line":537,"column":70}},"125":{"start":{"line":538,"column":6},"end":{"line":538,"column":50}},"126":{"start":{"line":539,"column":6},"end":{"line":539,"column":51}},"127":{"start":{"line":540,"column":19},"end":{"line":545,"column":8}},"128":{"start":{"line":546,"column":6},"end":{"line":553,"column":7}},"129":{"start":{"line":547,"column":8},"end":{"line":552,"column":10}},"130":{"start":{"line":554,"column":6},"end":{"line":560,"column":8}},"131":{"start":{"line":563,"column":4},"end":{"line":598,"column":5}},"132":{"start":{"line":564,"column":26},"end":{"line":564,"column":67}},"133":{"start":{"line":565,"column":6},"end":{"line":567,"column":7}},"134":{"start":{"line":566,"column":8},"end":{"line":566,"column":34}},"135":{"start":{"line":568,"column":29},"end":{"line":572,"column":8}},"136":{"start":{"line":574,"column":8},"end":{"line":574,"column":70}},"137":{"start":{"line":575,"column":6},"end":{"line":575,"column":50}},"138":{"start":{"line":576,"column":6},"end":{"line":576,"column":51}},"139":{"start":{"line":577,"column":19},"end":{"line":582,"column":8}},"140":{"start":{"line":583,"column":6},"end":{"line":590,"column":7}},"141":{"start":{"line":584,"column":8},"end":{"line":589,"column":10}},"142":{"start":{"line":591,"column":6},"end":{"line":597,"column":8}},"143":{"start":{"line":599,"column":4},"end":{"line":599,"column":42}},"144":{"start":{"line":601,"column":4},"end":{"line":603,"column":5}},"145":{"start":{"line":602,"column":6},"end":{"line":602,"column":45}},"146":{"start":{"line":606,"column":10},"end":{"line":734,"column":4}},"147":{"start":{"line":611,"column":21},"end":{"line":611,"column":35}},"148":{"start":{"line":612,"column":24},"end":{"line":612,"column":26}},"149":{"start":{"line":614,"column":6},"end":{"line":614,"column":38}},"150":{"start":{"line":617,"column":24},"end":{"line":617,"column":28}},"151":{"start":{"line":618,"column":25},"end":{"line":618,"column":29}},"152":{"start":{"line":619,"column":31},"end":{"line":619,"column":40}},"153":{"start":{"line":620,"column":32},"end":{"line":620,"column":41}},"154":{"start":{"line":621,"column":26},"end":{"line":621,"column":61}},"155":{"start":{"line":627,"column":4},"end":{"line":641,"column":5}},"156":{"start":{"line":628,"column":6},"end":{"line":628,"column":28}},"157":{"start":{"line":629,"column":6},"end":{"line":629,"column":29}},"158":{"start":{"line":630,"column":11},"end":{"line":641,"column":5}},"159":{"start":{"line":631,"column":6},"end":{"line":635,"column":7}},"160":{"start":{"line":632,"column":8},"end":{"line":632,"column":30}},"161":{"start":{"line":634,"column":8},"end":{"line":634,"column":62}},"162":{"start":{"line":636,"column":6},"end":{"line":640,"column":7}},"163":{"start":{"line":637,"column":8},"end":{"line":637,"column":31}},"164":{"start":{"line":639,"column":8},"end":{"line":639,"column":64}},"165":{"start":{"line":643,"column":4},"end":{"line":648,"column":5}},"166":{"start":{"line":644,"column":6},"end":{"line":647,"column":7}},"167":{"start":{"line":645,"column":35},"end":{"line":645,"column":69}},"168":{"start":{"line":646,"column":8},"end":{"line":646,"column":40}},"169":{"start":{"line":651,"column":4},"end":{"line":679,"column":5}},"170":{"start":{"line":653,"column":27},"end":{"line":653,"column":68}},"171":{"start":{"line":655,"column":8},"end":{"line":655,"column":60}},"172":{"start":{"line":656,"column":6},"end":{"line":656,"column":52}},"173":{"start":{"line":657,"column":6},"end":{"line":657,"column":55}},"174":{"start":{"line":658,"column":6},"end":{"line":658,"column":65}},"175":{"start":{"line":659,"column":6},"end":{"line":659,"column":42}},"176":{"start":{"line":660,"column":6},"end":{"line":678,"column":8}},"177":{"start":{"line":682,"column":4},"end":{"line":706,"column":5}},"178":{"start":{"line":683,"column":26},"end":{"line":687,"column":null}},"179":{"start":{"line":690,"column":8},"end":{"line":690,"column":67}},"180":{"start":{"line":691,"column":6},"end":{"line":691,"column":47}},"181":{"start":{"line":692,"column":6},"end":{"line":692,"column":51}},"182":{"start":{"line":694,"column":6},"end":{"line":705,"column":8}},"183":{"start":{"line":708,"column":4},"end":{"line":731,"column":5}},"184":{"start":{"line":709,"column":6},"end":{"line":709,"column":50}},"185":{"start":{"line":712,"column":27},"end":{"line":717,"column":null}},"186":{"start":{"line":720,"column":8},"end":{"line":720,"column":68}},"187":{"start":{"line":721,"column":6},"end":{"line":721,"column":48}},"188":{"start":{"line":722,"column":6},"end":{"line":722,"column":51}},"189":{"start":{"line":724,"column":6},"end":{"line":729,"column":8}},"190":{"start":{"line":730,"column":6},"end":{"line":730,"column":42}},"191":{"start":{"line":733,"column":4},"end":{"line":733,"column":36}},"192":{"start":{"line":763,"column":10},"end":{"line":862,"column":4}},"193":{"start":{"line":768,"column":21},"end":{"line":768,"column":35}},"194":{"start":{"line":769,"column":31},"end":{"line":769,"column":33}},"195":{"start":{"line":772,"column":6},"end":{"line":772,"column":38}},"196":{"start":{"line":774,"column":34},"end":{"line":774,"column":66}},"197":{"start":{"line":775,"column":27},"end":{"line":776,"column":null}},"198":{"start":{"line":778,"column":27},"end":{"line":779,"column":null}},"199":{"start":{"line":781,"column":27},"end":{"line":782,"column":null}},"200":{"start":{"line":785,"column":4},"end":{"line":787,"column":5}},"201":{"start":{"line":786,"column":6},"end":{"line":786,"column":13}},"202":{"start":{"line":788,"column":4},"end":{"line":790,"column":5}},"203":{"start":{"line":789,"column":6},"end":{"line":789,"column":13}},"204":{"start":{"line":791,"column":4},"end":{"line":859,"column":5}},"205":{"start":{"line":798,"column":75},"end":{"line":798,"column":77}},"206":{"start":{"line":799,"column":23},"end":{"line":799,"column":59}},"207":{"start":{"line":800,"column":23},"end":{"line":800,"column":59}},"208":{"start":{"line":801,"column":23},"end":{"line":801,"column":59}},"209":{"start":{"line":802,"column":24},"end":{"line":802,"column":63}},"210":{"start":{"line":804,"column":6},"end":{"line":806,"column":7}},"211":{"start":{"line":805,"column":8},"end":{"line":805,"column":47}},"212":{"start":{"line":808,"column":6},"end":{"line":824,"column":7}},"213":{"start":{"line":809,"column":8},"end":{"line":813,"column":9}},"214":{"start":{"line":810,"column":10},"end":{"line":812,"column":12}},"215":{"start":{"line":814,"column":8},"end":{"line":818,"column":9}},"216":{"start":{"line":815,"column":10},"end":{"line":817,"column":12}},"217":{"start":{"line":819,"column":8},"end":{"line":823,"column":9}},"218":{"start":{"line":820,"column":10},"end":{"line":822,"column":12}},"219":{"start":{"line":825,"column":6},"end":{"line":832,"column":7}},"220":{"start":{"line":826,"column":25},"end":{"line":829,"column":null}},"221":{"start":{"line":831,"column":8},"end":{"line":831,"column":42}},"222":{"start":{"line":835,"column":6},"end":{"line":842,"column":7}},"223":{"start":{"line":836,"column":30},"end":{"line":839,"column":null}},"224":{"start":{"line":841,"column":8},"end":{"line":841,"column":47}},"225":{"start":{"line":843,"column":6},"end":{"line":850,"column":7}},"226":{"start":{"line":844,"column":30},"end":{"line":847,"column":null}},"227":{"start":{"line":849,"column":8},"end":{"line":849,"column":47}},"228":{"start":{"line":851,"column":6},"end":{"line":858,"column":7}},"229":{"start":{"line":852,"column":30},"end":{"line":855,"column":null}},"230":{"start":{"line":857,"column":8},"end":{"line":857,"column":47}},"231":{"start":{"line":861,"column":4},"end":{"line":861,"column":50}},"232":{"start":{"line":120,"column":4},"end":{"line":120,"column":35}},"233":{"start":{"line":121,"column":4},"end":{"line":121,"column":43}},"234":{"start":{"line":301,"column":27},"end":{"line":301,"column":59}},"235":{"start":{"line":302,"column":27},"end":{"line":302,"column":59}},"236":{"start":{"line":303,"column":35},"end":{"line":304,"column":null}},"237":{"start":{"line":304,"column":13},"end":{"line":304,"column":44}},"238":{"start":{"line":306,"column":35},"end":{"line":307,"column":null}},"239":{"start":{"line":307,"column":13},"end":{"line":307,"column":44}},"240":{"start":{"line":311,"column":4},"end":{"line":323,"column":5}},"241":{"start":{"line":316,"column":6},"end":{"line":322,"column":8}},"242":{"start":{"line":324,"column":4},"end":{"line":336,"column":5}},"243":{"start":{"line":329,"column":6},"end":{"line":335,"column":8}},"244":{"start":{"line":337,"column":16},"end":{"line":337,"column":45}},"245":{"start":{"line":338,"column":45},"end":{"line":361,"column":6}},"246":{"start":{"line":362,"column":4},"end":{"line":362,"column":29}},"247":{"start":{"line":371,"column":23},"end":{"line":371,"column":68}},"248":{"start":{"line":371,"column":46},"end":{"line":371,"column":67}},"249":{"start":{"line":372,"column":4},"end":{"line":382,"column":5}},"250":{"start":{"line":373,"column":18},"end":{"line":373,"column":47}},"251":{"start":{"line":374,"column":47},"end":{"line":380,"column":8}},"252":{"start":{"line":381,"column":6},"end":{"line":381,"column":31}},"253":{"start":{"line":865,"column":4},"end":{"line":865,"column":40}},"254":{"start":{"line":873,"column":33},"end":{"line":874,"column":null}},"255":{"start":{"line":876,"column":4},"end":{"line":878,"column":5}},"256":{"start":{"line":877,"column":6},"end":{"line":877,"column":13}},"257":{"start":{"line":881,"column":27},"end":{"line":881,"column":60}},"258":{"start":{"line":882,"column":4},"end":{"line":882,"column":34}},"259":{"start":{"line":883,"column":4},"end":{"line":883,"column":76}},"260":{"start":{"line":890,"column":26},"end":{"line":890,"column":78}},"261":{"start":{"line":891,"column":4},"end":{"line":895,"column":5}},"262":{"start":{"line":892,"column":6},"end":{"line":894,"column":7}},"263":{"start":{"line":893,"column":8},"end":{"line":893,"column":29}},"264":{"start":{"line":898,"column":24},"end":{"line":901,"column":null}},"265":{"start":{"line":903,"column":4},"end":{"line":907,"column":5}},"266":{"start":{"line":904,"column":6},"end":{"line":906,"column":7}},"267":{"start":{"line":905,"column":8},"end":{"line":905,"column":29}},"268":{"start":{"line":910,"column":35},"end":{"line":913,"column":null}},"269":{"start":{"line":915,"column":4},"end":{"line":917,"column":5}},"270":{"start":{"line":916,"column":6},"end":{"line":916,"column":43}},"271":{"start":{"line":919,"column":4},"end":{"line":924,"column":5}},"272":{"start":{"line":920,"column":32},"end":{"line":920,"column":55}},"273":{"start":{"line":921,"column":6},"end":{"line":923,"column":7}},"274":{"start":{"line":922,"column":8},"end":{"line":922,"column":39}},"275":{"start":{"line":937,"column":26},"end":{"line":937,"column":78}},"276":{"start":{"line":938,"column":4},"end":{"line":942,"column":5}},"277":{"start":{"line":939,"column":6},"end":{"line":941,"column":7}},"278":{"start":{"line":940,"column":8},"end":{"line":940,"column":29}},"279":{"start":{"line":945,"column":24},"end":{"line":948,"column":null}},"280":{"start":{"line":950,"column":4},"end":{"line":954,"column":5}},"281":{"start":{"line":951,"column":6},"end":{"line":953,"column":7}},"282":{"start":{"line":952,"column":8},"end":{"line":952,"column":29}},"283":{"start":{"line":956,"column":4},"end":{"line":971,"column":5}},"284":{"start":{"line":958,"column":43},"end":{"line":961,"column":null}},"285":{"start":{"line":963,"column":6},"end":{"line":965,"column":7}},"286":{"start":{"line":964,"column":8},"end":{"line":964,"column":51}},"287":{"start":{"line":967,"column":32},"end":{"line":967,"column":55}},"288":{"start":{"line":968,"column":6},"end":{"line":970,"column":7}},"289":{"start":{"line":969,"column":8},"end":{"line":969,"column":39}},"290":{"start":{"line":975,"column":24},"end":{"line":977,"column":6}},"291":{"start":{"line":978,"column":4},"end":{"line":981,"column":6}},"292":{"start":{"line":986,"column":27},"end":{"line":986,"column":50}},"293":{"start":{"line":987,"column":4},"end":{"line":989,"column":5}},"294":{"start":{"line":988,"column":6},"end":{"line":988,"column":42}},"295":{"start":{"line":990,"column":4},"end":{"line":1006,"column":5}},"296":{"start":{"line":995,"column":33},"end":{"line":995,"column":64}},"297":{"start":{"line":996,"column":6},"end":{"line":1005,"column":7}},"298":{"start":{"line":1000,"column":8},"end":{"line":1000,"column":40}},"299":{"start":{"line":1002,"column":8},"end":{"line":1004,"column":10}},"300":{"start":{"line":1007,"column":4},"end":{"line":1007,"column":47}},"301":{"start":{"line":1017,"column":4},"end":{"line":1054,"column":5}},"302":{"start":{"line":1020,"column":8},"end":{"line":1020,"column":69}},"303":{"start":{"line":1022,"column":6},"end":{"line":1053,"column":7}},"304":{"start":{"line":1024,"column":10},"end":{"line":1024,"column":55}},"305":{"start":{"line":1027,"column":30},"end":{"line":1028,"column":null}},"306":{"start":{"line":1028,"column":17},"end":{"line":1028,"column":39}},"307":{"start":{"line":1032,"column":8},"end":{"line":1034,"column":9}},"308":{"start":{"line":1033,"column":10},"end":{"line":1033,"column":17}},"309":{"start":{"line":1037,"column":24},"end":{"line":1038,"column":null}},"310":{"start":{"line":1038,"column":17},"end":{"line":1038,"column":38}},"311":{"start":{"line":1041,"column":8},"end":{"line":1052,"column":9}},"312":{"start":{"line":1042,"column":32},"end":{"line":1043,"column":null}},"313":{"start":{"line":1043,"column":19},"end":{"line":1043,"column":49}},"314":{"start":{"line":1046,"column":31},"end":{"line":1049,"column":12}},"315":{"start":{"line":1051,"column":10},"end":{"line":1051,"column":36}},"316":{"start":{"line":1059,"column":4},"end":{"line":1059,"column":73}},"317":{"start":{"line":1065,"column":4},"end":{"line":1073,"column":5}},"318":{"start":{"line":1072,"column":6},"end":{"line":1072,"column":19}},"319":{"start":{"line":1074,"column":4},"end":{"line":1074,"column":16}},"320":{"start":{"line":1082,"column":24},"end":{"line":1084,"column":10}},"321":{"start":{"line":1085,"column":4},"end":{"line":1088,"column":6}},"322":{"start":{"line":1089,"column":4},"end":{"line":1089,"column":48}},"323":{"start":{"line":114,"column":0},"end":{"line":114,"column":13}}},"fnMap":{"0":{"name":"(anonymous_0)","decl":{"start":{"line":118,"column":2},"end":{"line":118,"column":14}},"loc":{"start":{"line":118,"column":56},"end":{"line":122,"column":3}}},"1":{"name":"(anonymous_1)","decl":{"start":{"line":124,"column":18},"end":{"line":124,"column":19}},"loc":{"start":{"line":124,"column":52},"end":{"line":130,"column":3}}},"2":{"name":"(anonymous_2)","decl":{"start":{"line":132,"column":17},"end":{"line":132,"column":18}},"loc":{"start":{"line":132,"column":51},"end":{"line":155,"column":3}}},"3":{"name":"(anonymous_3)","decl":{"start":{"line":137,"column":8},"end":{"line":137,"column":9}},"loc":{"start":{"line":140,"column":13},"end":{"line":152,"column":9}}},"4":{"name":"(anonymous_4)","decl":{"start":{"line":162,"column":18},"end":{"line":162,"column":null}},"loc":{"start":{"line":166,"column":12},"end":{"line":294,"column":3}}},"5":{"name":"(anonymous_5)","decl":{"start":{"line":191,"column":26},"end":{"line":191,"column":27}},"loc":{"start":{"line":191,"column":62},"end":{"line":196,"column":5}}},"6":{"name":"(anonymous_6)","decl":{"start":{"line":385,"column":28},"end":{"line":385,"column":null}},"loc":{"start":{"line":390,"column":6},"end":{"line":604,"column":3}}},"7":{"name":"(anonymous_7)","decl":{"start":{"line":413,"column":6},"end":{"line":413,"column":7}},"loc":{"start":{"line":413,"column":13},"end":{"line":413,"column":44}}},"8":{"name":"(anonymous_8)","decl":{"start":{"line":416,"column":6},"end":{"line":416,"column":7}},"loc":{"start":{"line":416,"column":13},"end":{"line":416,"column":44}}},"9":{"name":"(anonymous_9)","decl":{"start":{"line":478,"column":53},"end":{"line":478,"column":56}},"loc":{"start":{"line":478,"column":58},"end":{"line":488,"column":7}}},"10":{"name":"(anonymous_10)","decl":{"start":{"line":523,"column":31},"end":{"line":523,"column":32}},"loc":{"start":{"line":523,"column":38},"end":{"line":523,"column":39}}},"11":{"name":"(anonymous_11)","decl":{"start":{"line":606,"column":26},"end":{"line":606,"column":null}},"loc":{"start":{"line":610,"column":6},"end":{"line":734,"column":3}}},"12":{"name":"(anonymous_12)","decl":{"start":{"line":763,"column":32},"end":{"line":763,"column":null}},"loc":{"start":{"line":767,"column":6},"end":{"line":862,"column":3}}},"13":{"name":"(anonymous_13)","decl":{"start":{"line":296,"column":10},"end":{"line":296,"column":28}},"loc":{"start":{"line":299,"column":27},"end":{"line":363,"column":3}}},"14":{"name":"(anonymous_14)","decl":{"start":{"line":304,"column":6},"end":{"line":304,"column":7}},"loc":{"start":{"line":304,"column":13},"end":{"line":304,"column":44}}},"15":{"name":"(anonymous_15)","decl":{"start":{"line":307,"column":6},"end":{"line":307,"column":7}},"loc":{"start":{"line":307,"column":13},"end":{"line":307,"column":44}}},"16":{"name":"(anonymous_16)","decl":{"start":{"line":366,"column":10},"end":{"line":366,"column":20}},"loc":{"start":{"line":369,"column":27},"end":{"line":383,"column":3}}},"17":{"name":"(anonymous_17)","decl":{"start":{"line":371,"column":39},"end":{"line":371,"column":40}},"loc":{"start":{"line":371,"column":46},"end":{"line":371,"column":67}}},"18":{"name":"(anonymous_18)","decl":{"start":{"line":864,"column":10},"end":{"line":864,"column":19}},"loc":{"start":{"line":864,"column":57},"end":{"line":866,"column":3}}},"19":{"name":"(anonymous_19)","decl":{"start":{"line":868,"column":10},"end":{"line":868,"column":38}},"loc":{"start":{"line":871,"column":27},"end":{"line":884,"column":3}}},"20":{"name":"(anonymous_20)","decl":{"start":{"line":886,"column":10},"end":{"line":886,"column":30}},"loc":{"start":{"line":888,"column":33},"end":{"line":925,"column":3}}},"21":{"name":"(anonymous_21)","decl":{"start":{"line":933,"column":10},"end":{"line":933,"column":33}},"loc":{"start":{"line":935,"column":33},"end":{"line":972,"column":3}}},"22":{"name":"(anonymous_22)","decl":{"start":{"line":974,"column":10},"end":{"line":974,"column":17}},"loc":{"start":{"line":974,"column":55},"end":{"line":982,"column":3}}},"23":{"name":"(anonymous_23)","decl":{"start":{"line":984,"column":10},"end":{"line":984,"column":23}},"loc":{"start":{"line":984,"column":65},"end":{"line":1008,"column":3}}},"24":{"name":"(anonymous_24)","decl":{"start":{"line":1013,"column":10},"end":{"line":1013,"column":38}},"loc":{"start":{"line":1015,"column":34},"end":{"line":1055,"column":3}}},"25":{"name":"(anonymous_25)","decl":{"start":{"line":1028,"column":10},"end":{"line":1028,"column":11}},"loc":{"start":{"line":1028,"column":17},"end":{"line":1028,"column":39}}},"26":{"name":"(anonymous_26)","decl":{"start":{"line":1038,"column":10},"end":{"line":1038,"column":11}},"loc":{"start":{"line":1038,"column":17},"end":{"line":1038,"column":38}}},"27":{"name":"(anonymous_27)","decl":{"start":{"line":1043,"column":12},"end":{"line":1043,"column":13}},"loc":{"start":{"line":1043,"column":19},"end":{"line":1043,"column":49}}},"28":{"name":"(anonymous_28)","decl":{"start":{"line":1057,"column":10},"end":{"line":1057,"column":28}},"loc":{"start":{"line":1057,"column":56},"end":{"line":1060,"column":3}}},"29":{"name":"(anonymous_29)","decl":{"start":{"line":1062,"column":10},"end":{"line":1062,"column":16}},"loc":{"start":{"line":1063,"column":31},"end":{"line":1075,"column":3}}},"30":{"name":"(anonymous_30)","decl":{"start":{"line":1077,"column":10},"end":{"line":1077,"column":34}},"loc":{"start":{"line":1080,"column":42},"end":{"line":1090,"column":3}}}},"branchMap":{"0":{"loc":{"start":{"line":118,"column":14},"end":{"line":118,"column":56}},"type":"default-arg","locations":[{"start":{"line":118,"column":54},"end":{"line":118,"column":56}}]},"1":{"loc":{"start":{"line":135,"column":4},"end":{"line":154,"column":5}},"type":"if","locations":[{"start":{"line":135,"column":4},"end":{"line":154,"column":5}}]},"2":{"loc":{"start":{"line":136,"column":21},"end":{"line":136,"column":65}},"type":"binary-expr","locations":[{"start":{"line":136,"column":21},"end":{"line":136,"column":59}},{"start":{"line":136,"column":63},"end":{"line":136,"column":65}}]},"3":{"loc":{"start":{"line":142,"column":10},"end":{"line":151,"column":11}},"type":"if","locations":[{"start":{"line":142,"column":10},"end":{"line":151,"column":11}}]},"4":{"loc":{"start":{"line":168,"column":6},"end":{"line":170,"column":54}},"type":"binary-expr","locations":[{"start":{"line":168,"column":6},"end":{"line":168,"column":47}},{"start":{"line":169,"column":6},"end":{"line":169,"column":50}},{"start":{"line":170,"column":6},"end":{"line":170,"column":54}}]},"5":{"loc":{"start":{"line":172,"column":4},"end":{"line":179,"column":5}},"type":"if","locations":[{"start":{"line":172,"column":4},"end":{"line":179,"column":5}}]},"6":{"loc":{"start":{"line":173,"column":6},"end":{"line":174,"column":72}},"type":"binary-expr","locations":[{"start":{"line":173,"column":6},"end":{"line":173,"column":24}},{"start":{"line":174,"column":6},"end":{"line":174,"column":72}}]},"7":{"loc":{"start":{"line":193,"column":6},"end":{"line":195,"column":7}},"type":"if","locations":[{"start":{"line":193,"column":6},"end":{"line":195,"column":7}}]},"8":{"loc":{"start":{"line":206,"column":26},"end":{"line":206,"column":61}},"type":"cond-expr","locations":[{"start":{"line":206,"column":49},"end":{"line":206,"column":53}},{"start":{"line":206,"column":56},"end":{"line":206,"column":61}}]},"9":{"loc":{"start":{"line":211,"column":27},"end":{"line":213,"column":29}},"type":"cond-expr","locations":[{"start":{"line":212,"column":8},"end":{"line":212,"column":29}},{"start":{"line":213,"column":8},"end":{"line":213,"column":29}}]},"10":{"loc":{"start":{"line":273,"column":4},"end":{"line":292,"column":5}},"type":"if","locations":[{"start":{"line":273,"column":4},"end":{"line":292,"column":5}}]},"11":{"loc":{"start":{"line":392,"column":26},"end":{"line":392,"column":61}},"type":"cond-expr","locations":[{"start":{"line":392,"column":49},"end":{"line":392,"column":53}},{"start":{"line":392,"column":56},"end":{"line":392,"column":61}}]},"12":{"loc":{"start":{"line":421,"column":22},"end":{"line":425,"column":19}},"type":"cond-expr","locations":[{"start":{"line":424,"column":10},"end":{"line":424,"column":24}},{"start":{"line":425,"column":10},"end":{"line":425,"column":19}}]},"13":{"loc":{"start":{"line":426,"column":22},"end":{"line":430,"column":19}},"type":"cond-expr","locations":[{"start":{"line":429,"column":10},"end":{"line":429,"column":24}},{"start":{"line":430,"column":10},"end":{"line":430,"column":19}}]},"14":{"loc":{"start":{"line":434,"column":4},"end":{"line":454,"column":5}},"type":"if","locations":[{"start":{"line":434,"column":4},"end":{"line":454,"column":5}},{"start":{"line":438,"column":11},"end":{"line":454,"column":5}}]},"15":{"loc":{"start":{"line":438,"column":11},"end":{"line":454,"column":5}},"type":"if","locations":[{"start":{"line":438,"column":11},"end":{"line":454,"column":5}}]},"16":{"loc":{"start":{"line":439,"column":6},"end":{"line":443,"column":7}},"type":"if","locations":[{"start":{"line":439,"column":6},"end":{"line":443,"column":7}},{"start":{"line":441,"column":13},"end":{"line":443,"column":7}}]},"17":{"loc":{"start":{"line":444,"column":6},"end":{"line":448,"column":7}},"type":"if","locations":[{"start":{"line":444,"column":6},"end":{"line":448,"column":7}},{"start":{"line":446,"column":13},"end":{"line":448,"column":7}}]},"18":{"loc":{"start":{"line":449,"column":6},"end":{"line":453,"column":7}},"type":"if","locations":[{"start":{"line":449,"column":6},"end":{"line":453,"column":7}},{"start":{"line":451,"column":13},"end":{"line":453,"column":7}}]},"19":{"loc":{"start":{"line":460,"column":4},"end":{"line":513,"column":5}},"type":"if","locations":[{"start":{"line":460,"column":4},"end":{"line":513,"column":5}}]},"20":{"loc":{"start":{"line":468,"column":6},"end":{"line":470,"column":7}},"type":"if","locations":[{"start":{"line":468,"column":6},"end":{"line":470,"column":7}}]},"21":{"loc":{"start":{"line":482,"column":8},"end":{"line":487,"column":9}},"type":"if","locations":[{"start":{"line":482,"column":8},"end":{"line":487,"column":9}}]},"22":{"loc":{"start":{"line":498,"column":6},"end":{"line":505,"column":7}},"type":"if","locations":[{"start":{"line":498,"column":6},"end":{"line":505,"column":7}}]},"23":{"loc":{"start":{"line":515,"column":4},"end":{"line":561,"column":5}},"type":"if","locations":[{"start":{"line":515,"column":4},"end":{"line":561,"column":5}}]},"24":{"loc":{"start":{"line":526,"column":6},"end":{"line":528,"column":7}},"type":"if","locations":[{"start":{"line":526,"column":6},"end":{"line":528,"column":7}}]},"25":{"loc":{"start":{"line":546,"column":6},"end":{"line":553,"column":7}},"type":"if","locations":[{"start":{"line":546,"column":6},"end":{"line":553,"column":7}}]},"26":{"loc":{"start":{"line":563,"column":4},"end":{"line":598,"column":5}},"type":"if","locations":[{"start":{"line":563,"column":4},"end":{"line":598,"column":5}}]},"27":{"loc":{"start":{"line":565,"column":6},"end":{"line":567,"column":7}},"type":"if","locations":[{"start":{"line":565,"column":6},"end":{"line":567,"column":7}}]},"28":{"loc":{"start":{"line":583,"column":6},"end":{"line":590,"column":7}},"type":"if","locations":[{"start":{"line":583,"column":6},"end":{"line":590,"column":7}}]},"29":{"loc":{"start":{"line":601,"column":4},"end":{"line":603,"column":5}},"type":"if","locations":[{"start":{"line":601,"column":4},"end":{"line":603,"column":5}}]},"30":{"loc":{"start":{"line":601,"column":8},"end":{"line":601,"column":64}},"type":"binary-expr","locations":[{"start":{"line":601,"column":8},"end":{"line":601,"column":24}},{"start":{"line":601,"column":28},"end":{"line":601,"column":44}},{"start":{"line":601,"column":48},"end":{"line":601,"column":64}}]},"31":{"loc":{"start":{"line":621,"column":26},"end":{"line":621,"column":61}},"type":"cond-expr","locations":[{"start":{"line":621,"column":49},"end":{"line":621,"column":53}},{"start":{"line":621,"column":56},"end":{"line":621,"column":61}}]},"32":{"loc":{"start":{"line":627,"column":4},"end":{"line":641,"column":5}},"type":"if","locations":[{"start":{"line":627,"column":4},"end":{"line":641,"column":5}},{"start":{"line":630,"column":11},"end":{"line":641,"column":5}}]},"33":{"loc":{"start":{"line":630,"column":11},"end":{"line":641,"column":5}},"type":"if","locations":[{"start":{"line":630,"column":11},"end":{"line":641,"column":5}}]},"34":{"loc":{"start":{"line":631,"column":6},"end":{"line":635,"column":7}},"type":"if","locations":[{"start":{"line":631,"column":6},"end":{"line":635,"column":7}},{"start":{"line":633,"column":13},"end":{"line":635,"column":7}}]},"35":{"loc":{"start":{"line":636,"column":6},"end":{"line":640,"column":7}},"type":"if","locations":[{"start":{"line":636,"column":6},"end":{"line":640,"column":7}},{"start":{"line":638,"column":13},"end":{"line":640,"column":7}}]},"36":{"loc":{"start":{"line":643,"column":4},"end":{"line":648,"column":5}},"type":"if","locations":[{"start":{"line":643,"column":4},"end":{"line":648,"column":5}}]},"37":{"loc":{"start":{"line":644,"column":6},"end":{"line":647,"column":7}},"type":"if","locations":[{"start":{"line":644,"column":6},"end":{"line":647,"column":7}}]},"38":{"loc":{"start":{"line":651,"column":4},"end":{"line":679,"column":5}},"type":"if","locations":[{"start":{"line":651,"column":4},"end":{"line":679,"column":5}}]},"39":{"loc":{"start":{"line":682,"column":4},"end":{"line":706,"column":5}},"type":"if","locations":[{"start":{"line":682,"column":4},"end":{"line":706,"column":5}}]},"40":{"loc":{"start":{"line":708,"column":4},"end":{"line":731,"column":5}},"type":"if","locations":[{"start":{"line":708,"column":4},"end":{"line":731,"column":5}}]},"41":{"loc":{"start":{"line":785,"column":4},"end":{"line":787,"column":5}},"type":"if","locations":[{"start":{"line":785,"column":4},"end":{"line":787,"column":5}}]},"42":{"loc":{"start":{"line":788,"column":4},"end":{"line":790,"column":5}},"type":"if","locations":[{"start":{"line":788,"column":4},"end":{"line":790,"column":5}}]},"43":{"loc":{"start":{"line":788,"column":8},"end":{"line":788,"column":70}},"type":"binary-expr","locations":[{"start":{"line":788,"column":8},"end":{"line":788,"column":29}},{"start":{"line":788,"column":33},"end":{"line":788,"column":70}}]},"44":{"loc":{"start":{"line":791,"column":4},"end":{"line":859,"column":5}},"type":"if","locations":[{"start":{"line":791,"column":4},"end":{"line":859,"column":5}},{"start":{"line":833,"column":11},"end":{"line":859,"column":5}}]},"45":{"loc":{"start":{"line":792,"column":6},"end":{"line":795,"column":39}},"type":"binary-expr","locations":[{"start":{"line":792,"column":6},"end":{"line":792,"column":27}},{"start":{"line":793,"column":7},"end":{"line":793,"column":37}},{"start":{"line":794,"column":8},"end":{"line":794,"column":38}},{"start":{"line":795,"column":8},"end":{"line":795,"column":38}}]},"46":{"loc":{"start":{"line":799,"column":23},"end":{"line":799,"column":59}},"type":"binary-expr","locations":[{"start":{"line":799,"column":23},"end":{"line":799,"column":53}},{"start":{"line":799,"column":57},"end":{"line":799,"column":59}}]},"47":{"loc":{"start":{"line":800,"column":23},"end":{"line":800,"column":59}},"type":"binary-expr","locations":[{"start":{"line":800,"column":23},"end":{"line":800,"column":53}},{"start":{"line":800,"column":57},"end":{"line":800,"column":59}}]},"48":{"loc":{"start":{"line":801,"column":23},"end":{"line":801,"column":59}},"type":"binary-expr","locations":[{"start":{"line":801,"column":23},"end":{"line":801,"column":53}},{"start":{"line":801,"column":57},"end":{"line":801,"column":59}}]},"49":{"loc":{"start":{"line":809,"column":8},"end":{"line":813,"column":9}},"type":"if","locations":[{"start":{"line":809,"column":8},"end":{"line":813,"column":9}}]},"50":{"loc":{"start":{"line":809,"column":12},"end":{"line":809,"column":54}},"type":"binary-expr","locations":[{"start":{"line":809,"column":12},"end":{"line":809,"column":36}},{"start":{"line":809,"column":40},"end":{"line":809,"column":54}}]},"51":{"loc":{"start":{"line":814,"column":8},"end":{"line":818,"column":9}},"type":"if","locations":[{"start":{"line":814,"column":8},"end":{"line":818,"column":9}}]},"52":{"loc":{"start":{"line":814,"column":12},"end":{"line":814,"column":54}},"type":"binary-expr","locations":[{"start":{"line":814,"column":12},"end":{"line":814,"column":36}},{"start":{"line":814,"column":40},"end":{"line":814,"column":54}}]},"53":{"loc":{"start":{"line":819,"column":8},"end":{"line":823,"column":9}},"type":"if","locations":[{"start":{"line":819,"column":8},"end":{"line":823,"column":9}}]},"54":{"loc":{"start":{"line":819,"column":12},"end":{"line":819,"column":54}},"type":"binary-expr","locations":[{"start":{"line":819,"column":12},"end":{"line":819,"column":36}},{"start":{"line":819,"column":40},"end":{"line":819,"column":54}}]},"55":{"loc":{"start":{"line":835,"column":6},"end":{"line":842,"column":7}},"type":"if","locations":[{"start":{"line":835,"column":6},"end":{"line":842,"column":7}}]},"56":{"loc":{"start":{"line":843,"column":6},"end":{"line":850,"column":7}},"type":"if","locations":[{"start":{"line":843,"column":6},"end":{"line":850,"column":7}}]},"57":{"loc":{"start":{"line":851,"column":6},"end":{"line":858,"column":7}},"type":"if","locations":[{"start":{"line":851,"column":6},"end":{"line":858,"column":7}}]},"58":{"loc":{"start":{"line":311,"column":4},"end":{"line":323,"column":5}},"type":"if","locations":[{"start":{"line":311,"column":4},"end":{"line":323,"column":5}}]},"59":{"loc":{"start":{"line":324,"column":4},"end":{"line":336,"column":5}},"type":"if","locations":[{"start":{"line":324,"column":4},"end":{"line":336,"column":5}}]},"60":{"loc":{"start":{"line":342,"column":12},"end":{"line":350,"column":14}},"type":"cond-expr","locations":[{"start":{"line":343,"column":12},"end":{"line":349,"column":null}},{"start":{"line":350,"column":12},"end":{"line":350,"column":14}}]},"61":{"loc":{"start":{"line":342,"column":12},"end":{"line":342,"column":53}},"type":"binary-expr","locations":[{"start":{"line":342,"column":12},"end":{"line":342,"column":26}},{"start":{"line":342,"column":30},"end":{"line":342,"column":53}}]},"62":{"loc":{"start":{"line":351,"column":12},"end":{"line":359,"column":14}},"type":"cond-expr","locations":[{"start":{"line":352,"column":12},"end":{"line":358,"column":null}},{"start":{"line":359,"column":12},"end":{"line":359,"column":14}}]},"63":{"loc":{"start":{"line":351,"column":12},"end":{"line":351,"column":53}},"type":"binary-expr","locations":[{"start":{"line":351,"column":12},"end":{"line":351,"column":26}},{"start":{"line":351,"column":30},"end":{"line":351,"column":53}}]},"64":{"loc":{"start":{"line":372,"column":4},"end":{"line":382,"column":5}},"type":"if","locations":[{"start":{"line":372,"column":4},"end":{"line":382,"column":5}}]},"65":{"loc":{"start":{"line":871,"column":4},"end":{"line":871,"column":27}},"type":"default-arg","locations":[{"start":{"line":871,"column":22},"end":{"line":871,"column":27}}]},"66":{"loc":{"start":{"line":876,"column":4},"end":{"line":878,"column":5}},"type":"if","locations":[{"start":{"line":876,"column":4},"end":{"line":878,"column":5}}]},"67":{"loc":{"start":{"line":892,"column":6},"end":{"line":894,"column":7}},"type":"if","locations":[{"start":{"line":892,"column":6},"end":{"line":894,"column":7}}]},"68":{"loc":{"start":{"line":904,"column":6},"end":{"line":906,"column":7}},"type":"if","locations":[{"start":{"line":904,"column":6},"end":{"line":906,"column":7}}]},"69":{"loc":{"start":{"line":915,"column":4},"end":{"line":917,"column":5}},"type":"if","locations":[{"start":{"line":915,"column":4},"end":{"line":917,"column":5}}]},"70":{"loc":{"start":{"line":919,"column":4},"end":{"line":924,"column":5}},"type":"if","locations":[{"start":{"line":919,"column":4},"end":{"line":924,"column":5}}]},"71":{"loc":{"start":{"line":921,"column":6},"end":{"line":923,"column":7}},"type":"if","locations":[{"start":{"line":921,"column":6},"end":{"line":923,"column":7}}]},"72":{"loc":{"start":{"line":939,"column":6},"end":{"line":941,"column":7}},"type":"if","locations":[{"start":{"line":939,"column":6},"end":{"line":941,"column":7}}]},"73":{"loc":{"start":{"line":951,"column":6},"end":{"line":953,"column":7}},"type":"if","locations":[{"start":{"line":951,"column":6},"end":{"line":953,"column":7}}]},"74":{"loc":{"start":{"line":956,"column":4},"end":{"line":971,"column":5}},"type":"if","locations":[{"start":{"line":956,"column":4},"end":{"line":971,"column":5}}]},"75":{"loc":{"start":{"line":963,"column":6},"end":{"line":965,"column":7}},"type":"if","locations":[{"start":{"line":963,"column":6},"end":{"line":965,"column":7}}]},"76":{"loc":{"start":{"line":968,"column":6},"end":{"line":970,"column":7}},"type":"if","locations":[{"start":{"line":968,"column":6},"end":{"line":970,"column":7}}]},"77":{"loc":{"start":{"line":987,"column":4},"end":{"line":989,"column":5}},"type":"if","locations":[{"start":{"line":987,"column":4},"end":{"line":989,"column":5}}]},"78":{"loc":{"start":{"line":987,"column":8},"end":{"line":987,"column":48}},"type":"binary-expr","locations":[{"start":{"line":987,"column":8},"end":{"line":987,"column":22}},{"start":{"line":987,"column":26},"end":{"line":987,"column":48}}]},"79":{"loc":{"start":{"line":990,"column":4},"end":{"line":1006,"column":5}},"type":"if","locations":[{"start":{"line":990,"column":4},"end":{"line":1006,"column":5}}]},"80":{"loc":{"start":{"line":991,"column":6},"end":{"line":993,"column":37}},"type":"binary-expr","locations":[{"start":{"line":991,"column":6},"end":{"line":991,"column":20}},{"start":{"line":992,"column":6},"end":{"line":992,"column":27}},{"start":{"line":993,"column":6},"end":{"line":993,"column":37}}]},"81":{"loc":{"start":{"line":996,"column":6},"end":{"line":1005,"column":7}},"type":"if","locations":[{"start":{"line":996,"column":6},"end":{"line":1005,"column":7}},{"start":{"line":1001,"column":13},"end":{"line":1005,"column":7}}]},"82":{"loc":{"start":{"line":997,"column":8},"end":{"line":998,"column":42}},"type":"binary-expr","locations":[{"start":{"line":997,"column":8},"end":{"line":997,"column":44}},{"start":{"line":998,"column":8},"end":{"line":998,"column":42}}]},"83":{"loc":{"start":{"line":1017,"column":4},"end":{"line":1054,"column":5}},"type":"if","locations":[{"start":{"line":1017,"column":4},"end":{"line":1054,"column":5}}]},"84":{"loc":{"start":{"line":1022,"column":6},"end":{"line":1053,"column":7}},"type":"if","locations":[{"start":{"line":1022,"column":6},"end":{"line":1053,"column":7}}]},"85":{"loc":{"start":{"line":1032,"column":8},"end":{"line":1034,"column":9}},"type":"if","locations":[{"start":{"line":1032,"column":8},"end":{"line":1034,"column":9}}]},"86":{"loc":{"start":{"line":1032,"column":12},"end":{"line":1032,"column":53}},"type":"binary-expr","locations":[{"start":{"line":1032,"column":12},"end":{"line":1032,"column":25}},{"start":{"line":1032,"column":29},"end":{"line":1032,"column":53}}]},"87":{"loc":{"start":{"line":1041,"column":8},"end":{"line":1052,"column":9}},"type":"if","locations":[{"start":{"line":1041,"column":8},"end":{"line":1052,"column":9}}]},"88":{"loc":{"start":{"line":1065,"column":4},"end":{"line":1073,"column":5}},"type":"if","locations":[{"start":{"line":1065,"column":4},"end":{"line":1073,"column":5}}]},"89":{"loc":{"start":{"line":1066,"column":6},"end":{"line":1069,"column":null}},"type":"binary-expr","locations":[{"start":{"line":1066,"column":6},"end":{"line":1066,"column":11}},{"start":{"line":1067,"column":6},"end":{"line":1069,"column":null}}]},"90":{"loc":{"start":{"line":1068,"column":8},"end":{"line":1069,"column":44}},"type":"binary-expr","locations":[{"start":{"line":1068,"column":8},"end":{"line":1068,"column":49}},{"start":{"line":1069,"column":8},"end":{"line":1069,"column":44}}]},"91":{"loc":{"start":{"line":1082,"column":24},"end":{"line":1084,"column":10}},"type":"cond-expr","locations":[{"start":{"line":1083,"column":8},"end":{"line":1083,"column":38}},{"start":{"line":1084,"column":8},"end":{"line":1084,"column":10}}]},"92":{"loc":{"start":{"line":1086,"column":9},"end":{"line":1086,"column":50}},"type":"cond-expr","locations":[{"start":{"line":1086,"column":20},"end":{"line":1086,"column":22}},{"start":{"line":1086,"column":9},"end":{"line":1086,"column":50}}]},"93":{"loc":{"start":{"line":1086,"column":9},"end":{"line":1086,"column":22}},"type":"binary-expr","locations":[{"start":{"line":1086,"column":9},"end":{"line":1086,"column":22}},{"start":{"line":1086,"column":9},"end":{"line":1086,"column":22}}]}},"s":{"0":2,"1":2,"2":2,"3":2,"4":2,"5":2,"6":2,"7":2,"8":2,"9":29,"10":29,"11":29,"12":29,"13":29,"14":29,"15":29,"16":29,"17":28,"18":28,"19":23,"20":24,"21":24,"22":24,"23":24,"24":24,"25":29,"26":30,"27":30,"28":1,"29":29,"30":29,"31":29,"32":3,"33":3,"34":3,"35":29,"36":29,"37":29,"38":29,"39":29,"40":29,"41":29,"42":29,"43":29,"44":29,"45":29,"46":29,"47":29,"48":29,"49":29,"50":29,"51":29,"52":29,"53":29,"54":29,"55":29,"56":29,"57":29,"58":29,"59":29,"60":29,"61":29,"62":29,"63":0,"64":0,"65":0,"66":0,"67":29,"68":29,"69":29,"70":29,"71":29,"72":29,"73":29,"74":29,"75":29,"76":29,"77":29,"78":29,"79":29,"80":29,"81":29,"82":73,"83":29,"84":89,"85":29,"86":29,"87":5,"88":5,"89":5,"90":24,"91":2,"92":0,"93":2,"94":2,"95":1,"96":1,"97":2,"98":1,"99":1,"100":29,"101":29,"102":24,"103":24,"104":23,"105":24,"106":24,"107":24,"108":24,"109":24,"110":24,"111":24,"112":24,"113":24,"114":24,"115":2,"116":24,"117":29,"118":23,"119":23,"120":71,"121":23,"122":22,"123":23,"124":23,"125":23,"126":23,"127":23,"128":23,"129":2,"130":23,"131":29,"132":23,"133":23,"134":22,"135":23,"136":23,"137":23,"138":23,"139":23,"140":23,"141":2,"142":23,"143":29,"144":29,"145":24,"146":29,"147":29,"148":29,"149":29,"150":29,"151":29,"152":29,"153":29,"154":29,"155":29,"156":2,"157":2,"158":27,"159":2,"160":0,"161":2,"162":2,"163":1,"164":1,"165":29,"166":26,"167":25,"168":25,"169":29,"170":0,"171":0,"172":0,"173":0,"174":0,"175":0,"176":0,"177":29,"178":27,"179":27,"180":27,"181":27,"182":27,"183":29,"184":26,"185":26,"186":26,"187":26,"188":26,"189":26,"190":26,"191":29,"192":29,"193":29,"194":29,"195":29,"196":29,"197":29,"198":29,"199":29,"200":29,"201":4,"202":25,"203":0,"204":25,"205":1,"206":1,"207":1,"208":1,"209":1,"210":1,"211":4,"212":1,"213":2,"214":2,"215":2,"216":1,"217":2,"218":1,"219":1,"220":2,"221":2,"222":24,"223":22,"224":22,"225":24,"226":21,"227":21,"228":24,"229":21,"230":21,"231":25,"232":29,"233":29,"234":29,"235":29,"236":29,"237":73,"238":29,"239":89,"240":29,"241":1,"242":29,"243":1,"244":29,"245":29,"246":29,"247":29,"248":29,"249":29,"250":1,"251":1,"252":1,"253":349,"254":26,"255":26,"256":0,"257":26,"258":26,"259":26,"260":26,"261":26,"262":133,"263":128,"264":26,"265":26,"266":1,"267":1,"268":26,"269":26,"270":26,"271":26,"272":3,"273":3,"274":3,"275":24,"276":24,"277":122,"278":5,"279":24,"280":24,"281":1,"282":0,"283":24,"284":2,"285":2,"286":2,"287":2,"288":2,"289":0,"290":29,"291":29,"292":29,"293":29,"294":0,"295":29,"296":0,"297":0,"298":0,"299":0,"300":29,"301":29,"302":4,"303":4,"304":2,"305":2,"306":2,"307":2,"308":0,"309":2,"310":2,"311":2,"312":2,"313":10,"314":2,"315":2,"316":277,"317":116,"318":4,"319":112,"320":24,"321":24,"322":24,"323":2},"f":{"0":29,"1":29,"2":28,"3":24,"4":30,"5":3,"6":29,"7":73,"8":89,"9":24,"10":71,"11":29,"12":29,"13":29,"14":73,"15":89,"16":29,"17":29,"18":349,"19":26,"20":26,"21":24,"22":29,"23":29,"24":29,"25":2,"26":2,"27":10,"28":277,"29":116,"30":24},"b":{"0":[29],"1":[23],"2":[23,0],"3":[24],"4":[30,30,30],"5":[1],"6":[30,2],"7":[3],"8":[0,29],"9":[0,29],"10":[0],"11":[0,29],"12":[28,1],"13":[28,1],"14":[5,24],"15":[2],"16":[0,2],"17":[1,1],"18":[1,1],"19":[24],"20":[23],"21":[24],"22":[2],"23":[23],"24":[22],"25":[2],"26":[23],"27":[22],"28":[2],"29":[24],"30":[29,5,5],"31":[0,29],"32":[2,27],"33":[2],"34":[0,2],"35":[1,1],"36":[26],"37":[25],"38":[0],"39":[27],"40":[26],"41":[4],"42":[0],"43":[25,1],"44":[1,24],"45":[25,1,0,0],"46":[1,0],"47":[1,0],"48":[1,0],"49":[2],"50":[2,2],"51":[1],"52":[2,1],"53":[1],"54":[2,1],"55":[22],"56":[21],"57":[21],"58":[1],"59":[1],"60":[12,17],"61":[29,28],"62":[12,17],"63":[29,28],"64":[1],"65":[26],"66":[0],"67":[128],"68":[1],"69":[26],"70":[3],"71":[3],"72":[5],"73":[0],"74":[2],"75":[2],"76":[0],"77":[0],"78":[29,0],"79":[0],"80":[29,0,0],"81":[0,0],"82":[0,0],"83":[4],"84":[2],"85":[0],"86":[2,2],"87":[2],"88":[4],"89":[116,64],"90":[64,60],"91":[1,23],"92":[0,24],"93":[24,24]}}
,"/home/jim/dev/mb/graphql-dynamodb-transformer/src/ModelDirectiveArgs.ts": {"path":"/home/jim/dev/mb/graphql-dynamodb-transformer/src/ModelDirectiveArgs.ts","statementMap":{"0":{"start":{"line":1,"column":0},"end":{"line":1,"column":65}},"1":{"start":{"line":38,"column":2},"end":{"line":38,"column":68}},"2":{"start":{"line":37,"column":0},"end":{"line":37,"column":16}},"3":{"start":{"line":42,"column":2},"end":{"line":42,"column":68}},"4":{"start":{"line":41,"column":0},"end":{"line":41,"column":16}},"5":{"start":{"line":46,"column":49},"end":{"line":46,"column":81}},"6":{"start":{"line":47,"column":20},"end":{"line":47,"column":49}},"7":{"start":{"line":54,"column":2},"end":{"line":54,"column":38}},"8":{"start":{"line":54,"column":26},"end":{"line":54,"column":38}},"9":{"start":{"line":55,"column":2},"end":{"line":57,"column":3}},"10":{"start":{"line":56,"column":4},"end":{"line":56,"column":32}},"11":{"start":{"line":58,"column":2},"end":{"line":58,"column":27}},"12":{"start":{"line":45,"column":0},"end":{"line":45,"column":16}}},"fnMap":{"0":{"name":"getCreatedAtFieldName","decl":{"start":{"line":37,"column":16},"end":{"line":37,"column":37}},"loc":{"start":{"line":37,"column":62},"end":{"line":39,"column":1}}},"1":{"name":"getUpdatedAtFieldName","decl":{"start":{"line":41,"column":16},"end":{"line":41,"column":37}},"loc":{"start":{"line":41,"column":62},"end":{"line":43,"column":1}}},"2":{"name":"getTimestampFieldName","decl":{"start":{"line":45,"column":16},"end":{"line":45,"column":37}},"loc":{"start":{"line":45,"column":108},"end":{"line":59,"column":1}}}},"branchMap":{"0":{"loc":{"start":{"line":54,"column":2},"end":{"line":54,"column":38}},"type":"if","locations":[{"start":{"line":54,"column":2},"end":{"line":54,"column":38}}]},"1":{"loc":{"start":{"line":55,"column":2},"end":{"line":57,"column":3}},"type":"if","locations":[{"start":{"line":55,"column":2},"end":{"line":57,"column":3}}]},"2":{"loc":{"start":{"line":55,"column":6},"end":{"line":55,"column":53}},"type":"binary-expr","locations":[{"start":{"line":55,"column":6},"end":{"line":55,"column":15}},{"start":{"line":55,"column":19},"end":{"line":55,"column":53}}]}},"s":{"0":2,"1":87,"2":2,"3":87,"4":2,"5":174,"6":174,"7":174,"8":8,"9":166,"10":10,"11":156,"12":2},"f":{"0":87,"1":87,"2":174},"b":{"0":[8],"1":[10],"2":[166,12]}}
,"/home/jim/dev/mb/graphql-dynamodb-transformer/src/definitions.ts": {"path":"/home/jim/dev/mb/graphql-dynamodb-transformer/src/definitions.ts","statementMap":{"0":{"start":{"line":1,"column":0},"end":{"line":1,"column":null}},"1":{"start":{"line":15,"column":0},"end":{"line":15,"column":null}},"2":{"start":{"line":37,"column":0},"end":{"line":37,"column":84}},"3":{"start":{"line":39,"column":26},"end":{"line":39,"column":114}},"4":{"start":{"line":40,"column":22},"end":{"line":40,"column":110}},"5":{"start":{"line":41,"column":23},"end":{"line":41,"column":70}},"6":{"start":{"line":42,"column":25},"end":{"line":42,"column":72}},"7":{"start":{"line":43,"column":27},"end":{"line":43,"column":39}},"8":{"start":{"line":44,"column":24},"end":{"line":44,"column":71}},"9":{"start":{"line":46,"column":25},"end":{"line":46,"column":86}},"10":{"start":{"line":47,"column":21},"end":{"line":47,"column":82}},"11":{"start":{"line":48,"column":22},"end":{"line":48,"column":75}},"12":{"start":{"line":49,"column":24},"end":{"line":49,"column":77}},"13":{"start":{"line":50,"column":26},"end":{"line":50,"column":79}},"14":{"start":{"line":52,"column":24},"end":{"line":52,"column":125}},"15":{"start":{"line":60,"column":2},"end":{"line":76,"column":3}},"16":{"start":{"line":61,"column":4},"end":{"line":75,"column":5}},"17":{"start":{"line":62,"column":18},"end":{"line":62,"column":54}},"18":{"start":{"line":64,"column":6},"end":{"line":74,"column":7}},"19":{"start":{"line":67,"column":34},"end":{"line":67,"column":58}},"20":{"start":{"line":72,"column":8},"end":{"line":72,"column":38}},"21":{"start":{"line":73,"column":8},"end":{"line":73,"column":47}},"22":{"start":{"line":78,"column":2},"end":{"line":78,"column":35}},"23":{"start":{"line":54,"column":0},"end":{"line":54,"column":16}},"24":{"start":{"line":86,"column":15},"end":{"line":86,"column":71}},"25":{"start":{"line":87,"column":45},"end":{"line":111,"column":6}},"26":{"start":{"line":89,"column":24},"end":{"line":89,"column":60}},"27":{"start":{"line":90,"column":6},"end":{"line":96,"column":7}},"28":{"start":{"line":92,"column":32},"end":{"line":92,"column":72}},"29":{"start":{"line":95,"column":8},"end":{"line":95,"column":20}},"30":{"start":{"line":97,"column":6},"end":{"line":97,"column":19}},"31":{"start":{"line":100,"column":19},"end":{"line":102,"column":20}},"32":{"start":{"line":100,"column":43},"end":{"line":100,"column":83}},"33":{"start":{"line":103,"column":6},"end":{"line":110,"column":8}},"34":{"start":{"line":112,"column":2},"end":{"line":125,"column":4}},"35":{"start":{"line":81,"column":0},"end":{"line":81,"column":16}},"36":{"start":{"line":135,"column":15},"end":{"line":135,"column":74}},"37":{"start":{"line":136,"column":25},"end":{"line":136,"column":57}},"38":{"start":{"line":137,"column":25},"end":{"line":137,"column":57}},"39":{"start":{"line":140,"column":66},"end":{"line":144,"column":4}},"40":{"start":{"line":146,"column":21},"end":{"line":146,"column":64}},"41":{"start":{"line":146,"column":42},"end":{"line":146,"column":63}},"42":{"start":{"line":147,"column":45},"end":{"line":182,"column":6}},"43":{"start":{"line":149,"column":24},"end":{"line":149,"column":60}},"44":{"start":{"line":150,"column":6},"end":{"line":156,"column":7}},"45":{"start":{"line":152,"column":32},"end":{"line":152,"column":72}},"46":{"start":{"line":155,"column":8},"end":{"line":155,"column":20}},"47":{"start":{"line":157,"column":6},"end":{"line":157,"column":19}},"48":{"start":{"line":161,"column":24},"end":{"line":161,"column":40}},"49":{"start":{"line":162,"column":6},"end":{"line":173,"column":7}},"50":{"start":{"line":168,"column":8},"end":{"line":168,"column":41}},"51":{"start":{"line":170,"column":8},"end":{"line":172,"column":23}},"52":{"start":{"line":170,"column":39},"end":{"line":170,"column":79}},"53":{"start":{"line":174,"column":6},"end":{"line":181,"column":8}},"54":{"start":{"line":184,"column":2},"end":{"line":186,"column":3}},"55":{"start":{"line":185,"column":4},"end":{"line":185,"column":76}},"56":{"start":{"line":187,"column":2},"end":{"line":204,"column":4}},"57":{"start":{"line":128,"column":0},"end":{"line":128,"column":16}},"58":{"start":{"line":207,"column":19},"end":{"line":210,"column":49}},"59":{"start":{"line":208,"column":4},"end":{"line":208,"column":37}},"60":{"start":{"line":209,"column":4},"end":{"line":209,"column":15}},"61":{"start":{"line":212,"column":2},"end":{"line":219,"column":28}},"62":{"start":{"line":215,"column":8},"end":{"line":217,"column":67}},"63":{"start":{"line":219,"column":14},"end":{"line":219,"column":26}},"64":{"start":{"line":206,"column":0},"end":{"line":206,"column":16}},"65":{"start":{"line":228,"column":15},"end":{"line":228,"column":74}},"66":{"start":{"line":229,"column":45},"end":{"line":259,"column":6}},"67":{"start":{"line":231,"column":24},"end":{"line":231,"column":56}},"68":{"start":{"line":232,"column":6},"end":{"line":238,"column":7}},"69":{"start":{"line":234,"column":32},"end":{"line":234,"column":68}},"70":{"start":{"line":237,"column":8},"end":{"line":237,"column":20}},"71":{"start":{"line":239,"column":6},"end":{"line":239,"column":19}},"72":{"start":{"line":243,"column":6},"end":{"line":247,"column":7}},"73":{"start":{"line":244,"column":8},"end":{"line":244,"column":39}},"74":{"start":{"line":246,"column":8},"end":{"line":246,"column":41}},"75":{"start":{"line":248,"column":6},"end":{"line":250,"column":15}},"76":{"start":{"line":248,"column":37},"end":{"line":248,"column":77}},"77":{"start":{"line":251,"column":6},"end":{"line":258,"column":8}},"78":{"start":{"line":260,"column":2},"end":{"line":262,"column":3}},"79":{"start":{"line":261,"column":4},"end":{"line":261,"column":76}},"80":{"start":{"line":263,"column":2},"end":{"line":276,"column":4}},"81":{"start":{"line":222,"column":0},"end":{"line":222,"column":16}},"82":{"start":{"line":280,"column":15},"end":{"line":280,"column":74}},"83":{"start":{"line":281,"column":45},"end":{"line":293,"column":4}},"84":{"start":{"line":294,"column":2},"end":{"line":296,"column":3}},"85":{"start":{"line":295,"column":4},"end":{"line":295,"column":76}},"86":{"start":{"line":297,"column":2},"end":{"line":310,"column":4}},"87":{"start":{"line":279,"column":0},"end":{"line":279,"column":16}},"88":{"start":{"line":318,"column":15},"end":{"line":318,"column":72}},"89":{"start":{"line":319,"column":45},"end":{"line":344,"column":6}},"90":{"start":{"line":321,"column":24},"end":{"line":321,"column":60}},"91":{"start":{"line":322,"column":6},"end":{"line":324,"column":7}},"92":{"start":{"line":323,"column":8},"end":{"line":323,"column":20}},"93":{"start":{"line":327,"column":23},"end":{"line":327,"column":46}},"94":{"start":{"line":328,"column":24},"end":{"line":328,"column":45}},"95":{"start":{"line":329,"column":21},"end":{"line":329,"column":43}},"96":{"start":{"line":330,"column":25},"end":{"line":330,"column":82}},"97":{"start":{"line":332,"column":8},"end":{"line":334,"column":90}},"98":{"start":{"line":336,"column":6},"end":{"line":343,"column":8}},"99":{"start":{"line":346,"column":2},"end":{"line":380,"column":4}},"100":{"start":{"line":382,"column":2},"end":{"line":395,"column":4}},"101":{"start":{"line":313,"column":0},"end":{"line":313,"column":16}},"102":{"start":{"line":403,"column":15},"end":{"line":403,"column":75}},"103":{"start":{"line":404,"column":45},"end":{"line":429,"column":6}},"104":{"start":{"line":406,"column":24},"end":{"line":406,"column":60}},"105":{"start":{"line":407,"column":6},"end":{"line":409,"column":7}},"106":{"start":{"line":408,"column":8},"end":{"line":408,"column":20}},"107":{"start":{"line":412,"column":23},"end":{"line":412,"column":46}},"108":{"start":{"line":413,"column":24},"end":{"line":413,"column":45}},"109":{"start":{"line":414,"column":21},"end":{"line":414,"column":43}},"110":{"start":{"line":415,"column":25},"end":{"line":415,"column":82}},"111":{"start":{"line":417,"column":8},"end":{"line":419,"column":90}},"112":{"start":{"line":421,"column":6},"end":{"line":428,"column":8}},"113":{"start":{"line":431,"column":2},"end":{"line":465,"column":4}},"114":{"start":{"line":467,"column":2},"end":{"line":480,"column":4}},"115":{"start":{"line":398,"column":0},"end":{"line":398,"column":16}},"116":{"start":{"line":488,"column":2},"end":{"line":552,"column":7}},"117":{"start":{"line":490,"column":24},"end":{"line":490,"column":60}},"118":{"start":{"line":491,"column":6},"end":{"line":491,"column":71}},"119":{"start":{"line":494,"column":23},"end":{"line":494,"column":50}},"120":{"start":{"line":495,"column":21},"end":{"line":495,"column":47}},"121":{"start":{"line":496,"column":19},"end":{"line":498,"column":88}},"122":{"start":{"line":499,"column":21},"end":{"line":499,"column":23}},"123":{"start":{"line":501,"column":6},"end":{"line":509,"column":9}},"124":{"start":{"line":511,"column":6},"end":{"line":519,"column":9}},"125":{"start":{"line":521,"column":6},"end":{"line":541,"column":7}},"126":{"start":{"line":522,"column":8},"end":{"line":530,"column":11}},"127":{"start":{"line":532,"column":8},"end":{"line":540,"column":11}},"128":{"start":{"line":543,"column":6},"end":{"line":551,"column":41}},"129":{"start":{"line":483,"column":0},"end":{"line":483,"column":16}},"130":{"start":{"line":556,"column":15},"end":{"line":556,"column":48}},"131":{"start":{"line":557,"column":2},"end":{"line":576,"column":4}},"132":{"start":{"line":555,"column":0},"end":{"line":555,"column":16}},"133":{"start":{"line":580,"column":15},"end":{"line":580,"column":89}},"134":{"start":{"line":581,"column":21},"end":{"line":581,"column":46}},"135":{"start":{"line":582,"column":45},"end":{"line":589,"column":5}},"136":{"start":{"line":582,"column":84},"end":{"line":589,"column":4}},"137":{"start":{"line":590,"column":28},"end":{"line":590,"column":30}},"138":{"start":{"line":591,"column":2},"end":{"line":593,"column":3}},"139":{"start":{"line":592,"column":4},"end":{"line":592,"column":56}},"140":{"start":{"line":594,"column":2},"end":{"line":607,"column":4}},"141":{"start":{"line":579,"column":0},"end":{"line":579,"column":16}},"142":{"start":{"line":611,"column":2},"end":{"line":619,"column":3}},"143":{"start":{"line":613,"column":6},"end":{"line":613,"column":47}},"144":{"start":{"line":616,"column":6},"end":{"line":616,"column":44}},"145":{"start":{"line":618,"column":6},"end":{"line":618,"column":33}},"146":{"start":{"line":623,"column":2},"end":{"line":636,"column":3}},"147":{"start":{"line":625,"column":6},"end":{"line":625,"column":31}},"148":{"start":{"line":627,"column":6},"end":{"line":627,"column":27}},"149":{"start":{"line":629,"column":6},"end":{"line":629,"column":28}},"150":{"start":{"line":631,"column":6},"end":{"line":631,"column":30}},"151":{"start":{"line":633,"column":6},"end":{"line":633,"column":32}},"152":{"start":{"line":635,"column":6},"end":{"line":635,"column":73}},"153":{"start":{"line":640,"column":15},"end":{"line":640,"column":56}},"154":{"start":{"line":641,"column":45},"end":{"line":648,"column":5}},"155":{"start":{"line":641,"column":89},"end":{"line":648,"column":4}},"156":{"start":{"line":649,"column":2},"end":{"line":662,"column":4}},"157":{"start":{"line":666,"column":2},"end":{"line":679,"column":3}},"158":{"start":{"line":668,"column":6},"end":{"line":668,"column":30}},"159":{"start":{"line":670,"column":6},"end":{"line":670,"column":26}},"160":{"start":{"line":672,"column":6},"end":{"line":672,"column":27}},"161":{"start":{"line":674,"column":6},"end":{"line":674,"column":29}},"162":{"start":{"line":676,"column":6},"end":{"line":676,"column":31}},"163":{"start":{"line":678,"column":6},"end":{"line":678,"column":73}},"164":{"start":{"line":683,"column":20},"end":{"line":683,"column":52}},"165":{"start":{"line":684,"column":17},"end":{"line":684,"column":54}},"166":{"start":{"line":686,"column":2},"end":{"line":695,"column":3}},"167":{"start":{"line":687,"column":4},"end":{"line":694,"column":7}},"168":{"start":{"line":697,"column":2},"end":{"line":706,"column":3}},"169":{"start":{"line":698,"column":4},"end":{"line":705,"column":7}},"170":{"start":{"line":708,"column":2},"end":{"line":717,"column":3}},"171":{"start":{"line":709,"column":4},"end":{"line":716,"column":7}},"172":{"start":{"line":719,"column":2},"end":{"line":719,"column":16}},"173":{"start":{"line":723,"column":24},"end":{"line":727,"column":4}},"174":{"start":{"line":723,"column":73},"end":{"line":727,"column":4}},"175":{"start":{"line":729,"column":2},"end":{"line":734,"column":4}},"176":{"start":{"line":732,"column":37},"end":{"line":732,"column":53}},"177":{"start":{"line":722,"column":0},"end":{"line":722,"column":16}},"178":{"start":{"line":738,"column":25},"end":{"line":738,"column":75}},"179":{"start":{"line":739,"column":32},"end":{"line":739,"column":68}},"180":{"start":{"line":740,"column":2},"end":{"line":740,"column":138}},"181":{"start":{"line":741,"column":2},"end":{"line":741,"column":128}},"182":{"start":{"line":742,"column":2},"end":{"line":744,"column":3}},"183":{"start":{"line":743,"column":4},"end":{"line":743,"column":136}},"184":{"start":{"line":745,"column":2},"end":{"line":745,"column":33}},"185":{"start":{"line":737,"column":0},"end":{"line":737,"column":16}},"186":{"start":{"line":749,"column":2},"end":{"line":751,"column":5}},"187":{"start":{"line":748,"column":0},"end":{"line":748,"column":16}},"188":{"start":{"line":773,"column":15},"end":{"line":778,"column":4}},"189":{"start":{"line":779,"column":2},"end":{"line":788,"column":3}},"190":{"start":{"line":781,"column":4},"end":{"line":785,"column":5}},"191":{"start":{"line":782,"column":6},"end":{"line":782,"column":139}},"192":{"start":{"line":784,"column":6},"end":{"line":784,"column":103}},"193":{"start":{"line":787,"column":4},"end":{"line":787,"column":77}},"194":{"start":{"line":789,"column":2},"end":{"line":789,"column":121}},"195":{"start":{"line":767,"column":0},"end":{"line":767,"column":16}},"196":{"start":{"line":793,"column":17},"end":{"line":799,"column":4}},"197":{"start":{"line":801,"column":2},"end":{"line":803,"column":3}},"198":{"start":{"line":802,"column":4},"end":{"line":802,"column":37}},"199":{"start":{"line":805,"column":2},"end":{"line":805,"column":16}},"200":{"start":{"line":792,"column":0},"end":{"line":792,"column":16}}},"fnMap":{"0":{"name":"getNonModelObjectArray","decl":{"start":{"line":54,"column":16},"end":{"line":54,"column":38}},"loc":{"start":{"line":57,"column":45},"end":{"line":79,"column":1}}},"1":{"name":"(anonymous_1)","decl":{"start":{"line":67,"column":29},"end":{"line":67,"column":30}},"loc":{"start":{"line":67,"column":34},"end":{"line":67,"column":58}}},"2":{"name":"makeNonModelInputObject","decl":{"start":{"line":81,"column":16},"end":{"line":81,"column":39}},"loc":{"start":{"line":84,"column":25},"end":{"line":126,"column":1}}},"3":{"name":"(anonymous_3)","decl":{"start":{"line":88,"column":12},"end":{"line":88,"column":13}},"loc":{"start":{"line":88,"column":43},"end":{"line":98,"column":5}}},"4":{"name":"(anonymous_4)","decl":{"start":{"line":92,"column":27},"end":{"line":92,"column":28}},"loc":{"start":{"line":92,"column":32},"end":{"line":92,"column":72}}},"5":{"name":"(anonymous_5)","decl":{"start":{"line":99,"column":9},"end":{"line":99,"column":10}},"loc":{"start":{"line":99,"column":40},"end":{"line":111,"column":5}}},"6":{"name":"(anonymous_6)","decl":{"start":{"line":100,"column":38},"end":{"line":100,"column":39}},"loc":{"start":{"line":100,"column":43},"end":{"line":100,"column":83}}},"7":{"name":"makeCreateInputObject","decl":{"start":{"line":128,"column":16},"end":{"line":128,"column":37}},"loc":{"start":{"line":133,"column":25},"end":{"line":205,"column":1}}},"8":{"name":"(anonymous_8)","decl":{"start":{"line":146,"column":37},"end":{"line":146,"column":38}},"loc":{"start":{"line":146,"column":42},"end":{"line":146,"column":63}}},"9":{"name":"(anonymous_9)","decl":{"start":{"line":148,"column":12},"end":{"line":148,"column":13}},"loc":{"start":{"line":148,"column":43},"end":{"line":158,"column":5}}},"10":{"name":"(anonymous_10)","decl":{"start":{"line":152,"column":27},"end":{"line":152,"column":28}},"loc":{"start":{"line":152,"column":32},"end":{"line":152,"column":72}}},"11":{"name":"(anonymous_11)","decl":{"start":{"line":159,"column":9},"end":{"line":159,"column":10}},"loc":{"start":{"line":159,"column":40},"end":{"line":182,"column":5}}},"12":{"name":"(anonymous_12)","decl":{"start":{"line":170,"column":34},"end":{"line":170,"column":35}},"loc":{"start":{"line":170,"column":39},"end":{"line":170,"column":79}}},"13":{"name":"getFieldsOptionalNonNullableField","decl":{"start":{"line":206,"column":16},"end":{"line":206,"column":49}},"loc":{"start":{"line":206,"column":115},"end":{"line":220,"column":1}}},"14":{"name":"(anonymous_14)","decl":{"start":{"line":207,"column":33},"end":{"line":207,"column":34}},"loc":{"start":{"line":207,"column":48},"end":{"line":210,"column":3}}},"15":{"name":"(anonymous_15)","decl":{"start":{"line":214,"column":6},"end":{"line":214,"column":7}},"loc":{"start":{"line":215,"column":8},"end":{"line":217,"column":67}}},"16":{"name":"(anonymous_16)","decl":{"start":{"line":219,"column":9},"end":{"line":219,"column":10}},"loc":{"start":{"line":219,"column":14},"end":{"line":219,"column":26}}},"17":{"name":"makeUpdateInputObject","decl":{"start":{"line":222,"column":16},"end":{"line":222,"column":37}},"loc":{"start":{"line":226,"column":25},"end":{"line":277,"column":1}}},"18":{"name":"(anonymous_18)","decl":{"start":{"line":230,"column":12},"end":{"line":230,"column":13}},"loc":{"start":{"line":230,"column":16},"end":{"line":240,"column":5}}},"19":{"name":"(anonymous_19)","decl":{"start":{"line":234,"column":27},"end":{"line":234,"column":28}},"loc":{"start":{"line":234,"column":32},"end":{"line":234,"column":68}}},"20":{"name":"(anonymous_20)","decl":{"start":{"line":241,"column":9},"end":{"line":241,"column":10}},"loc":{"start":{"line":241,"column":40},"end":{"line":259,"column":5}}},"21":{"name":"(anonymous_21)","decl":{"start":{"line":248,"column":32},"end":{"line":248,"column":33}},"loc":{"start":{"line":248,"column":37},"end":{"line":248,"column":77}}},"22":{"name":"makeDeleteInputObject","decl":{"start":{"line":279,"column":16},"end":{"line":279,"column":37}},"loc":{"start":{"line":279,"column":92},"end":{"line":311,"column":1}}},"23":{"name":"makeModelXFilterInputObject","decl":{"start":{"line":313,"column":16},"end":{"line":313,"column":43}},"loc":{"start":{"line":316,"column":29},"end":{"line":396,"column":1}}},"24":{"name":"(anonymous_24)","decl":{"start":{"line":320,"column":12},"end":{"line":320,"column":13}},"loc":{"start":{"line":320,"column":43},"end":{"line":325,"column":5}}},"25":{"name":"(anonymous_25)","decl":{"start":{"line":326,"column":9},"end":{"line":326,"column":10}},"loc":{"start":{"line":326,"column":40},"end":{"line":344,"column":5}}},"26":{"name":"makeModelXConditionInputObject","decl":{"start":{"line":398,"column":16},"end":{"line":398,"column":46}},"loc":{"start":{"line":401,"column":29},"end":{"line":481,"column":1}}},"27":{"name":"(anonymous_27)","decl":{"start":{"line":405,"column":12},"end":{"line":405,"column":13}},"loc":{"start":{"line":405,"column":43},"end":{"line":410,"column":5}}},"28":{"name":"(anonymous_28)","decl":{"start":{"line":411,"column":9},"end":{"line":411,"column":10}},"loc":{"start":{"line":411,"column":40},"end":{"line":429,"column":5}}},"29":{"name":"makeEnumFilterInputObjects","decl":{"start":{"line":483,"column":16},"end":{"line":483,"column":42}},"loc":{"start":{"line":486,"column":29},"end":{"line":553,"column":1}}},"30":{"name":"(anonymous_30)","decl":{"start":{"line":489,"column":12},"end":{"line":489,"column":13}},"loc":{"start":{"line":489,"column":43},"end":{"line":492,"column":5}}},"31":{"name":"(anonymous_31)","decl":{"start":{"line":493,"column":9},"end":{"line":493,"column":10}},"loc":{"start":{"line":493,"column":44},"end":{"line":552,"column":5}}},"32":{"name":"makeModelSortDirectionEnumObject","decl":{"start":{"line":555,"column":16},"end":{"line":555,"column":48}},"loc":{"start":{"line":555,"column":48},"end":{"line":577,"column":1}}},"33":{"name":"makeModelScalarFilterInputObject","decl":{"start":{"line":579,"column":16},"end":{"line":579,"column":48}},"loc":{"start":{"line":579,"column":90},"end":{"line":608,"column":1}}},"34":{"name":"(anonymous_34)","decl":{"start":{"line":582,"column":60},"end":{"line":582,"column":61}},"loc":{"start":{"line":582,"column":84},"end":{"line":589,"column":4}}},"35":{"name":"getScalarFilterInputType","decl":{"start":{"line":610,"column":9},"end":{"line":610,"column":33}},"loc":{"start":{"line":610,"column":90},"end":{"line":620,"column":1}}},"36":{"name":"getScalarConditions","decl":{"start":{"line":622,"column":9},"end":{"line":622,"column":28}},"loc":{"start":{"line":622,"column":41},"end":{"line":637,"column":1}}},"37":{"name":"makeSizeInputType","decl":{"start":{"line":639,"column":9},"end":{"line":639,"column":26}},"loc":{"start":{"line":639,"column":26},"end":{"line":663,"column":1}}},"38":{"name":"(anonymous_38)","decl":{"start":{"line":641,"column":65},"end":{"line":641,"column":66}},"loc":{"start":{"line":641,"column":89},"end":{"line":648,"column":4}}},"39":{"name":"getFunctionListForType","decl":{"start":{"line":665,"column":9},"end":{"line":665,"column":31}},"loc":{"start":{"line":665,"column":48},"end":{"line":680,"column":1}}},"40":{"name":"makeFunctionInputFields","decl":{"start":{"line":682,"column":9},"end":{"line":682,"column":32}},"loc":{"start":{"line":682,"column":49},"end":{"line":720,"column":1}}},"41":{"name":"makeAttributeTypeEnum","decl":{"start":{"line":722,"column":16},"end":{"line":722,"column":37}},"loc":{"start":{"line":722,"column":37},"end":{"line":735,"column":1}}},"42":{"name":"(anonymous_42)","decl":{"start":{"line":723,"column":24},"end":{"line":723,"column":25}},"loc":{"start":{"line":723,"column":73},"end":{"line":727,"column":4}}},"43":{"name":"(anonymous_43)","decl":{"start":{"line":732,"column":32},"end":{"line":732,"column":33}},"loc":{"start":{"line":732,"column":37},"end":{"line":732,"column":53}}},"44":{"name":"makeModelConnectionType","decl":{"start":{"line":737,"column":16},"end":{"line":737,"column":39}},"loc":{"start":{"line":737,"column":81},"end":{"line":746,"column":1}}},"45":{"name":"makeSubscriptionField","decl":{"start":{"line":748,"column":16},"end":{"line":748,"column":37}},"loc":{"start":{"line":748,"column":100},"end":{"line":752,"column":1}}},"46":{"name":"makeModelConnectionField","decl":{"start":{"line":767,"column":16},"end":{"line":767,"column":40}},"loc":{"start":{"line":771,"column":30},"end":{"line":790,"column":1}}},"47":{"name":"makeScalarFilterInputs","decl":{"start":{"line":792,"column":16},"end":{"line":792,"column":38}},"loc":{"start":{"line":792,"column":66},"end":{"line":806,"column":1}}}},"branchMap":{"0":{"loc":{"start":{"line":61,"column":4},"end":{"line":75,"column":5}},"type":"if","locations":[{"start":{"line":61,"column":4},"end":{"line":75,"column":5}}]},"1":{"loc":{"start":{"line":64,"column":6},"end":{"line":74,"column":7}},"type":"if","locations":[{"start":{"line":64,"column":6},"end":{"line":74,"column":7}}]},"2":{"loc":{"start":{"line":65,"column":8},"end":{"line":68,"column":46}},"type":"binary-expr","locations":[{"start":{"line":65,"column":8},"end":{"line":65,"column":11}},{"start":{"line":66,"column":8},"end":{"line":66,"column":48}},{"start":{"line":67,"column":8},"end":{"line":67,"column":59}},{"start":{"line":68,"column":8},"end":{"line":68,"column":46}}]},"3":{"loc":{"start":{"line":90,"column":6},"end":{"line":96,"column":7}},"type":"if","locations":[{"start":{"line":90,"column":6},"end":{"line":96,"column":7}}]},"4":{"loc":{"start":{"line":91,"column":8},"end":{"line":93,"column":67}},"type":"binary-expr","locations":[{"start":{"line":91,"column":8},"end":{"line":91,"column":28}},{"start":{"line":92,"column":8},"end":{"line":92,"column":73}},{"start":{"line":93,"column":9},"end":{"line":93,"column":18}},{"start":{"line":93,"column":22},"end":{"line":93,"column":66}}]},"5":{"loc":{"start":{"line":100,"column":19},"end":{"line":102,"column":20}},"type":"cond-expr","locations":[{"start":{"line":101,"column":10},"end":{"line":101,"column":107}},{"start":{"line":102,"column":10},"end":{"line":102,"column":20}}]},"6":{"loc":{"start":{"line":133,"column":2},"end":{"line":133,"column":25}},"type":"default-arg","locations":[{"start":{"line":133,"column":20},"end":{"line":133,"column":25}}]},"7":{"loc":{"start":{"line":150,"column":6},"end":{"line":156,"column":7}},"type":"if","locations":[{"start":{"line":150,"column":6},"end":{"line":156,"column":7}}]},"8":{"loc":{"start":{"line":151,"column":8},"end":{"line":153,"column":67}},"type":"binary-expr","locations":[{"start":{"line":151,"column":8},"end":{"line":151,"column":28}},{"start":{"line":152,"column":8},"end":{"line":152,"column":73}},{"start":{"line":153,"column":9},"end":{"line":153,"column":18}},{"start":{"line":153,"column":22},"end":{"line":153,"column":66}}]},"9":{"loc":{"start":{"line":162,"column":6},"end":{"line":173,"column":7}},"type":"if","locations":[{"start":{"line":162,"column":6},"end":{"line":173,"column":7}},{"start":{"line":169,"column":13},"end":{"line":173,"column":7}}]},"10":{"loc":{"start":{"line":163,"column":8},"end":{"line":164,"column":101}},"type":"binary-expr","locations":[{"start":{"line":163,"column":8},"end":{"line":163,"column":76}},{"start":{"line":164,"column":8},"end":{"line":164,"column":101}}]},"11":{"loc":{"start":{"line":170,"column":15},"end":{"line":172,"column":22}},"type":"cond-expr","locations":[{"start":{"line":171,"column":12},"end":{"line":171,"column":109}},{"start":{"line":172,"column":12},"end":{"line":172,"column":22}}]},"12":{"loc":{"start":{"line":184,"column":2},"end":{"line":186,"column":3}},"type":"if","locations":[{"start":{"line":184,"column":2},"end":{"line":186,"column":3}}]},"13":{"loc":{"start":{"line":200,"colu
[...]
,"/home/jim/dev/mb/graphql-dynamodb-transformer/src/resources.ts": {"path":"/home/jim/dev/mb/graphql-dynamodb-transformer/src/resources.ts","statementMap":{"0":{"start":{"line":1,"column":0},"end":{"line":1,"column":136}},"1":{"start":{"line":3,"column":0},"end":{"line":3,"column":null}},"2":{"start":{"line":26,"column":0},"end":{"line":26,"column":null}},"3":{"start":{"line":35,"column":0},"end":{"line":35,"column":35}},"4":{"start":{"line":36,"column":0},"end":{"line":36,"column":65}},"5":{"start":{"line":38,"column":0},"end":{"line":38,"column":22}},"6":{"start":{"line":834,"column":10},"end":{"line":867,"column":4}},"7":{"start":{"line":835,"column":27},"end":{"line":835,"column":95}},"8":{"start":{"line":836,"column":4},"end":{"line":866,"column":6}},"9":{"start":{"line":58,"column":4},"end":{"line":82,"column":6}},"10":{"start":{"line":89,"column":4},"end":{"line":113,"column":6}},"11":{"start":{"line":120,"column":4},"end":{"line":127,"column":7}},"12":{"start":{"line":131,"column":4},"end":{"line":134,"column":7}},"13":{"start":{"line":141,"column":4},"end":{"line":147,"column":6}},"14":{"start":{"line":151,"column":4},"end":{"line":157,"column":6}},"15":{"start":{"line":161,"column":4},"end":{"line":167,"column":6}},"16":{"start":{"line":171,"column":4},"end":{"line":177,"column":6}},"17":{"start":{"line":181,"column":4},"end":{"line":187,"column":6}},"18":{"start":{"line":201,"column":6},"end":{"line":212,"column":55}},"19":{"start":{"line":214,"column":6},"end":{"line":225,"column":58}},"20":{"start":{"line":226,"column":4},"end":{"line":251,"column":38}},"21":{"start":{"line":255,"column":4},"end":{"line":263,"column":6}},"22":{"start":{"line":272,"column":4},"end":{"line":365,"column":7}},"23":{"start":{"line":373,"column":4},"end":{"line":386,"column":37}},"24":{"start":{"line":394,"column":22},"end":{"line":394,"column":89}},"25":{"start":{"line":395,"column":26},"end":{"line":395,"column":51}},"26":{"start":{"line":396,"column":4},"end":{"line":445,"column":7}},"27":{"start":{"line":449,"column":30},"end":{"line":449,"column":138}},"28":{"start":{"line":449,"column":58},"end":{"line":449,"column":137}},"29":{"start":{"line":450,"column":4},"end":{"line":473,"column":6}},"30":{"start":{"line":484,"column":22},"end":{"line":484,"column":89}},"31":{"start":{"line":485,"column":26},"end":{"line":485,"column":51}},"32":{"start":{"line":486,"column":56},"end":{"line":486,"column":90}},"33":{"start":{"line":488,"column":4},"end":{"line":583,"column":7}},"34":{"start":{"line":591,"column":22},"end":{"line":591,"column":86}},"35":{"start":{"line":592,"column":4},"end":{"line":611,"column":7}},"36":{"start":{"line":619,"column":22},"end":{"line":619,"column":65}},"37":{"start":{"line":620,"column":4},"end":{"line":634,"column":7}},"38":{"start":{"line":642,"column":22},"end":{"line":642,"column":88}},"39":{"start":{"line":643,"column":4},"end":{"line":680,"column":7}},"40":{"start":{"line":695,"column":22},"end":{"line":695,"column":120}},"41":{"start":{"line":696,"column":28},"end":{"line":696,"column":41}},"42":{"start":{"line":697,"column":4},"end":{"line":735,"column":7}},"43":{"start":{"line":744,"column":22},"end":{"line":744,"column":89}},"44":{"start":{"line":745,"column":26},"end":{"line":745,"column":51}},"45":{"start":{"line":746,"column":4},"end":{"line":826,"column":7}},"46":{"start":{"line":56,"column":0},"end":{"line":56,"column":13}}},"fnMap":{"0":{"name":"(anonymous_1)","decl":{"start":{"line":56,"column":0},"end":{"line":56,"column":13}},"loc":{"start":{"line":56,"column":0},"end":{"line":868,"column":1}}},"1":{"name":"(anonymous_2)","decl":{"start":{"line":834,"column":42},"end":{"line":834,"column":43}},"loc":{"start":{"line":834,"column":76},"end":{"line":867,"column":3}}},"2":{"name":"(anonymous_3)","decl":{"start":{"line":57,"column":9},"end":{"line":57,"column":19}},"loc":{"start":{"line":57,"column":19},"end":{"line":83,"column":3}}},"3":{"name":"(anonymous_4)","decl":{"start":{"line":88,"column":9},"end":{"line":88,"column":21}},"loc":{"start":{"line":88,"column":21},"end":{"line":114,"column":3}}},"4":{"name":"(anonymous_5)","decl":{"start":{"line":119,"column":9},"end":{"line":119,"column":23}},"loc":{"start":{"line":119,"column":23},"end":{"line":128,"column":3}}},"5":{"name":"(anonymous_6)","decl":{"start":{"line":130,"column":9},"end":{"line":130,"column":26}},"loc":{"start":{"line":130,"column":41},"end":{"line":135,"column":3}}},"6":{"name":"(anonymous_7)","decl":{"start":{"line":140,"column":9},"end":{"line":140,"column":24}},"loc":{"start":{"line":140,"column":24},"end":{"line":148,"column":3}}},"7":{"name":"(anonymous_8)","decl":{"start":{"line":150,"column":9},"end":{"line":150,"column":30}},"loc":{"start":{"line":150,"column":30},"end":{"line":158,"column":3}}},"8":{"name":"(anonymous_9)","decl":{"start":{"line":160,"column":9},"end":{"line":160,"column":33}},"loc":{"start":{"line":160,"column":52},"end":{"line":168,"column":3}}},"9":{"name":"(anonymous_10)","decl":{"start":{"line":170,"column":9},"end":{"line":170,"column":29}},"loc":{"start":{"line":170,"column":48},"end":{"line":178,"column":3}}},"10":{"name":"(anonymous_11)","decl":{"start":{"line":180,"column":9},"end":{"line":180,"column":28}},"loc":{"start":{"line":180,"column":47},"end":{"line":188,"column":3}}},"11":{"name":"(anonymous_12)","decl":{"start":{"line":193,"column":9},"end":{"line":193,"column":23}},"loc":{"start":{"line":198,"column":34},"end":{"line":252,"column":3}}},"12":{"name":"(anonymous_13)","decl":{"start":{"line":254,"column":10},"end":{"line":254,"column":27}},"loc":{"start":{"line":254,"column":44},"end":{"line":264,"column":3}}},"13":{"name":"(anonymous_14)","decl":{"start":{"line":271,"column":9},"end":{"line":271,"column":20}},"loc":{"start":{"line":271,"column":62},"end":{"line":366,"column":3}}},"14":{"name":"(anonymous_15)","decl":{"start":{"line":372,"column":9},"end":{"line":372,"column":31}},"loc":{"start":{"line":372,"column":123},"end":{"line":387,"column":3}}},"15":{"name":"(anonymous_16)","decl":{"start":{"line":393,"column":9},"end":{"line":393,"column":27}},"loc":{"start":{"line":393,"column":116},"end":{"line":446,"column":3}}},"16":{"name":"(anonymous_17)","decl":{"start":{"line":448,"column":9},"end":{"line":448,"column":47}},"loc":{"start":{"line":448,"column":96},"end":{"line":474,"column":3}}},"17":{"name":"(anonymous_18)","decl":{"start":{"line":449,"column":49},"end":{"line":449,"column":54}},"loc":{"start":{"line":449,"column":58},"end":{"line":449,"column":137}}},"18":{"name":"(anonymous_19)","decl":{"start":{"line":476,"column":9},"end":{"line":476,"column":27}},"loc":{"start":{"line":483,"column":32},"end":{"line":584,"column":3}}},"19":{"name":"(anonymous_20)","decl":{"start":{"line":590,"column":9},"end":{"line":590,"column":24}},"loc":{"start":{"line":590,"column":125},"end":{"line":612,"column":3}}},"20":{"name":"(anonymous_21)","decl":{"start":{"line":618,"column":9},"end":{"line":618,"column":25}},"loc":{"start":{"line":618,"column":71},"end":{"line":635,"column":3}}},"21":{"name":"(anonymous_22)","decl":{"start":{"line":641,"column":9},"end":{"line":641,"column":26}},"loc":{"start":{"line":641,"column":127},"end":{"line":681,"column":3}}},"22":{"name":"(anonymous_23)","decl":{"start":{"line":688,"column":9},"end":{"line":688,"column":25}},"loc":{"start":{"line":693,"column":35},"end":{"line":736,"column":3}}},"23":{"name":"(anonymous_24)","decl":{"start":{"line":743,"column":9},"end":{"line":743,"column":27}},"loc":{"start":{"line":743,"column":116},"end":{"line":827,"column":3}}}},"branchMap":{"0":{"loc":{"start":{"line":835,"column":27},"end":{"line":835,"column":95}},"type":"cond-expr","locations":[{"start":{"line":835,"column":52},"end":{"line":835,"column":74}},{"start":{"line":835,"column":77},"end":{"line":835,"column":95}}]},"1":{"loc":{"start":{"line":195,"column":4},"end":{"line":195,"column":26}},"type":"default-arg","locations":[{"start":{"line":195,"column":22},"end":{"line":195,"column":26}}]},"2":{"loc":{"start":{"line":197,"column":4},"end":{"line":197,"column":58}},"type":"default-arg","locations":[{"start":{"line":197,"column":37},"end":{"line":197,"column":58}}]},"3":{"loc":{"start":{"line":198,"column":4},"end":{"line":198,"column":34}},"type":"default-arg","locations":[{"start":{"line":198,"column":29},"end":{"line":198,"column":34}}]},"4":{"loc":{"start":{"line":201,"column":6},"end":{"line":212,"column":55}},"type":"cond-expr","locations":[{"start":{"line":202,"column":10},"end":{"line":211,"column":null}},{"start":{"line":212,"column":10},"end":{"line":212,"column":55}}]},"5":{"loc":{"start":{"line":201,"column":6},"end":{"line":201,"column":25}},"type":"binary-expr","locations":[{"start":{"line":201,"column":6},"end":{"line":201,"column":13}},{"start":{"line":201,"column":17},"end":{"line":201,"column":25}}]},"6":{"loc":{"start":{"line":214,"column":6},"end":{"line":225,"column":58}},"type":"cond-expr","locations":[{"start":{"line":215,"column":10},"end":{"line":224,"column":null}},{"start":{"line":225,"column":10},"end":{"line":225,"column":58}}]},"7":{"loc":{"start":{"line":214,"column":6},"end":{"line":214,"column":25}},"type":"binary-expr","locations":[{"start":{"line":214,"column":6},"end":{"line":214,"column":13}},{"start":{"line":214,"column":17},"end":{"line":214,"column":25}}]},"8":{"loc":{"start":{"line":248,"column":10},"end":{"line":250,"column":8}},"type":"binary-expr","locations":[{"start":{"line":248,"column":10},"end":{"line":248,"column":23}},{"start":{"line":248,"column":27},"end":{"line":250,"column":8}}]},"9":{"loc":{"start":{"line":324,"column":22},"end":{"line":355,"column":24}},"type":"cond-expr","locations":[{"start":{"line":325,"column":22},"end":{"line":354,"column":null}},{"start":{"line":355,"column":22},"end":{"line":355,"column":24}}]},"10":{"loc":{"start":{"line":361,"column":12},"end":{"line":363,"column":14}},"type":"cond-expr","locations":[{"start":{"line":362,"column":12},"end":{"line":362,"column":83}},{"start":{"line":363,"column":12},"end":{"line":363,"column":14}}]},"11":{"loc":{"start":{"line":361,"column":12},"end":{"line":361,"column":66}},"type":"binary-expr","locations":[{"start":{"line":361,"column":12},"end":{"line":361,"column":22}},{"start":{"line":361,"column":26},"end":{"line":361,"column":66}}]},"12":{"loc":{"start":{"line":372,"column":93},"end":{"line":372,"column":123}},"type":"default-arg","locations":[{"start":{"line":372,"column":118},"end":{"line":372,"column":123}}]},"13":{"loc":{"start":{"line":381,"column":12},"end":{"line":384,"column":10}},"type":"binary-expr","locations":[{"start":{"line":381,"column":12},"end":{"line":381,"column":25}},{"start":{"line":381,"column":29},"end":{"line":384,"column":10}}]},"14":{"loc":{"start":{"line":393,"column":62},"end":{"line":393,"column":91}},"type":"default-arg","locations":[{"start":{"line":393,"column":81},"end":{"line":393,"column":91}}]},"15":{"loc":{"start":{"line":394,"column":22},"end":{"line":394,"column":89}},"type":"cond-expr","locations":[{"start":{"line":394,"column":37},"end":{"line":394,"column":49}},{"start":{"line":394,"column":52},"end":{"line":394,"column":89}}]},"16":{"loc":{"start":{"line":395,"column":26},"end":{"line":395,"column":51}},"type":"cond-expr","locations":[{"start":{"line":395,"column":39},"end":{"line":395,"column":43}},{"start":{"line":395,"column":46},"end":{"line":395,"column":51}}]},"17":{"loc":{"start":{"line":444,"column":10},"end":{"line":444,"column":80}},"type":"binary-expr","locations":[{"start":{"line":444,"column":10},"end":{"line":444,"column":20}},{"start":{"line":444,"column":24},"end":{"line":444,"column":80}}]},"18":{"loc":{"start":{"line":449,"column":30},"end":{"line":449,"column":138}},"type":"cond-expr","locations":[{"start":{"line":449,"column":42},"end":{"line":449,"column":44}},{"start":{"line":449,"column":42},"end":{"line":449,"column":138}}]},"19":{"loc":{"start":{"line":449,"column":30},"end":{"line":449,"column":44}},"type":"binary-expr","locations":[{"start":{"line":449,"column":30},"end":{"line":449,"column":44}},{"start":{"line":449,"column":42},"end":{"line":449,"column":44}}]},"20":{"loc":{"start":{"line":449,"column":58},"end":{"line":449,"column":137}},"type":"binary-expr","locations":[{"start":{"line":449,"column":58},"end":{"line":449,"column":83}},{"start":{"line":449,"column":87},"end":{"line":449,"column":137}}]},"21":{"loc":{"start":{"line":452,"column":12},"end":{"line":452,"column":133}},"type":"cond-expr","locations":[{"start":{"line":452,"column":32},"end":{"line":452,"column":128}},{"start":{"line":452,"column":131},"end":{"line":452,"column":133}}]},"22":{"loc":{"start":{"line":453,"column":12},"end":{"line":455,"column":14}},"type":"cond-expr","locations":[{"start":{"line":454,"column":12},"end":{"line":454,"column":66}},{"start":{"line":455,"column":12},"end":{"line":455,"column":14}}]},"23":{"loc":{"start":{"line":453,"column":12},"end":{"line":453,"column":82}},"type":"binary-expr","locations":[{"start":{"line":453,"column":12},"end":{"line":453,"column":22}},{"start":{"line":453,"column":27},"end":{"line":453,"column":52}},{"start":{"line":453,"column":56},"end":{"line":453,"column":81}}]},"24":{"loc":{"start":{"line":456,"column":12},"end":{"line":463,"column":14}},"type":"cond-expr","locations":[{"start":{"line":457,"column":12},"end":{"line":462,"column":null}},{"start":{"line":463,"column":12},"end":{"line":463,"column":14}}]},"25":{"loc":{"start":{"line":456,"column":12},"end":{"line":456,"column":51}},"type":"binary-expr","locations":[{"start":{"line":456,"column":12},"end":{"line":456,"column":22}},{"start":{"line":456,"column":26},"end":{"line":456,"column":51}}]},"26":{"loc":{"start":{"line":464,"column":12},"end":{"line":471,"column":14}},"type":"cond-expr","locations":[{"start":{"line":465,"column":12},"end":{"line":470,"column":null}},{"start":{"line":471,"column":12},"end":{"line":471,"column":14}}]},"27":{"loc":{"start":{"line":464,"column":12},"end":{"line":464,"column":51}},"type":"binary-expr","locations":[{"start":{"line":464,"column":12},"end":{"line":464,"column":22}},{"start":{"line":464,"column":26},"end":{"line":464,"column":51}}]},"28":{"loc":{"start":{"line":480,"column":4},"end":{"line":480,"column":33}},"type":"default-arg","locations":[{"start":{"line":480,"column":23},"end":{"line":480,"column":33}}]},"29":{"loc":{"start":{"line":484,"column":22},"end":{"line":484,"column":89}},"type":"cond-expr","locations":[{"start":{"line":484,"column":37},"end":{"line":484,"column":49}},{"start":{"line":484,"column":52},"end":{"line":484,"column":89}}]},"30":{"loc":{"start":{"line":485,"column":26},"end":{"line":485,"column":51}},"type":"cond-expr","locations":[{"start":{"line":485,"column":39},"end":{"line":485,"column":43}},{"start":{"line":485,"column":46},"end":{"line":485,"column":51}}]},"31":{"loc":{"start":{"line":521,"column":14},"end":{"line":528,"column":16}},"type":"cond-expr","locations":[{"start":{"line":522,"column":14},"end":{"line":527,"column":null}},{"start":{"line":528,"column":14},"end":{"line":528,"column":16}}]},"32":{"loc":{"start":{"line":521,"column":14},"end":{"line":521,"column":53}},"type":"binary-expr","locations":[{"start":{"line":521,"column":14},"end":{"line":521,"column":24}},{"start":{"line":521,"column":28},"end":{"line":521,"column":53}}]},"33":{"loc":{"start":{"line":582,"column":10},"end":{"line":582,"column":80}},"type":"binary-expr","locations":[{"start":{"line":582,"column":10},"end":{"line":582,"column":20}},{"start":{"line":582,"column":24},"end":{"line":582,"column":80}}]},"34":{"loc":{"start":{"line":590,"column":62},"end":{"line":590,"column":92}},"type":"default-arg","locations":[{"start":{"line":590,"column":87},"end":{"line":590,"column":92}}]},"35":{"loc":{"start":{"line":590,"column":94},"end":{"line":590,"column":125}},"type":"default-arg","locations":[{"start":{"line":590,"column":118},"end":{"line":590,"column":125}}]},"36":{"loc":{"start":{"line":591,"column":22},"end":{"line":591,"column":86}},"type":"cond-expr","locations":[{"start":{"line":591,"column":37},"end":{"line":591,"column":49}},{"start":{"line":591,"column":52},"end":{"line":591,"column":86}}]},"37":{"loc":{"start":{"line":618,"column":40},"end":{"line":618,"column":71}},"type":"default-arg","locations":[{"start":{"line":618,"column":64},"end":{"line":618,"column":71}}]},"38":{"loc":{"start":{"line":641,"column":64},"end":{"line":641,"column":94}},"type":"default-arg","locations":[{"start":{"line":641,"column":89},"end":{"line":641,"column":94}}]},"39":{"loc":{"start":{"line":641,"column":96},"end":{"line":641,"column":127}},"type":"default-arg","locations":[{"start":{"line":641,"column":120},"end":{"line":641,"column":127}}]},"40":{"loc":{"start":{"line":642,"column":22},"end":{"line":642,"column":88}},"type":"cond-expr","locations":[{"start":{"line":642,"column":37},"end":{"line":642,"column":49}},{"start":{"line":642,"column":52},"end":{"line":642,"column":88}}]},"41":{"loc":{"start":{"line":692,"column":4},"end":{"line":692,"column":34}},"type":"default-arg","locations":[{"start":{"line":692,"column":29},"end":{"line":692,"column":34}}]},"42":{"loc":{"start":{"line":693,"column":4},"end":{"line":693,"column":35}},"type":"default-arg","locations":[{"start":{"line":693,"column":28},"end":{"line":693,"column":35}}]},"43":{"loc":{"start":{"line":695,"column":22},"end":{"line":695,"column":120}},"type":"cond-expr","locations":[{"start":{"line":695,"column":37},"end":{"line":695,"column":49}},{"start":{"line":695,"column":52},"end":{"line":695,"column":120}}]},"44":{"loc":{"start":{"line":743,"column":62},"end":{"line":743,"column":91}},"type":"default-arg","locations":[{"start":{"line":743,"column":81},"end":{"line":743,"column":91}}]},"45":{"loc":{"start":{"line":744,"column":22},"end":{"line":744,"column":89}},"type":"cond-expr","locations":[{"start":{"line":744,"column":37},"end":{"line":744,"column":49}},{"start":{"line":744,"column":52},"end":{"line":744,"column":89}}]},"46":{"loc":{"start":{"line":745,"column":26},"end":{"line":745,"column":51}},"type":"cond-expr","locations":[{"start":{"line":745,"column":39},"end":{"line":745,"column":43}},{"start":{"line":745,"column":46},"end":{"line":745,"column":51}}]},"47":{"loc":{"start":{"line":825,"column":10},"end":{"line":825,"column":80}},"type":"binary-expr","locations":[{"start":{"line":825,"column":10},"end":{"line":825,"column":20}},{"start":{"line":825,"column":24},"end":{"line":825,"column":80}}]}},"s":{"0":2,"1":2,"2":2,"3":2,"4":2,"5":2,"6":29,"7":70,"8":70,"9":29,"10":29,"11":29,"12":0,"13":29,"14":29,"15":29,"16":29,"17":29,"18":29,"19":29,"20":29,"21":116,"22":29,"23":29,"24":24,"25":24,"26":24,"27":24,"28":27,"29":24,"30":23,"31":23,"32":23,"33":23,"34":27,"35":27,"36":0,"37":0,"38":0,"39":0,"40":26,"41":26,"42":26,"43":23,"44":23,"45":23,"46":2},"f":{"0":29,"1":70,"2":29,"3":29,"4":29,"5":0,"6":29,"7":29,"8":29,"9":29,"10":29,"11":29,"12":116,"13":29,"14":29,"15":24,"16":24,"17":27,"18":23,"19":27,"20":0,"21":0,"22":26,"23":23},"b":{"0":[24,46],"1":[29],"2":[0],"3":[0],"4":[0,29],"5":[29,29],"6":[0,29],"7":[29,29],"8":[29,0],"9":[0,29],"10":[0,29],"11":[29,0],"12":[0],"13":[29,0],"14":[24],"15":[2,22],"16":[0,24],"17":[24,0],"18":[0,24],"19":[24,24],"20":[27,23],"21":[20,4],"22":[22,2],"23":[24,24,2],"24":[22,2],"25":[24,24],"26":[22,2],"27":[24,24],"28":[23],"29":[1,22],"30":[0,23],"31":[21,2],"32":[23,23],"33":[23,0],"34":[0],"35":[0],"36":[2,25],"37":[0],"38":[0],"39":[0],"40":[0,0],"41":[0],"42":[0],"43":[1,25],"44":[23],"45":[1,22],"46":[0,23],"47":[23,0]}}
}
