TN:
SF:src/DynamoDBModelTransformer.ts
FN:118,(anonymous_0)
FN:124,(anonymous_1)
FN:132,(anonymous_2)
FN:137,(anonymous_3)
FN:162,(anonymous_4)
FN:191,(anonymous_5)
FN:385,(anonymous_6)
FN:413,(anonymous_7)
FN:416,(anonymous_8)
FN:478,(anonymous_9)
FN:523,(anonymous_10)
FN:606,(anonymous_11)
FN:763,(anonymous_12)
FN:296,(anonymous_13)
FN:304,(anonymous_14)
FN:307,(anonymous_15)
FN:366,(anonymous_16)
FN:371,(anonymous_17)
FN:864,(anonymous_18)
FN:868,(anonymous_19)
FN:886,(anonymous_20)
FN:933,(anonymous_21)
FN:974,(anonymous_22)
FN:984,(anonymous_23)
FN:1013,(anonymous_24)
FN:1028,(anonymous_25)
FN:1038,(anonymous_26)
FN:1043,(anonymous_27)
FN:1057,(anonymous_28)
FN:1062,(anonymous_29)
FN:1077,(anonymous_30)
FNF:31
FNH:31
FNDA:29,(anonymous_0)
FNDA:29,(anonymous_1)
FNDA:28,(anonymous_2)
FNDA:24,(anonymous_3)
FNDA:30,(anonymous_4)
FNDA:3,(anonymous_5)
FNDA:29,(anonymous_6)
FNDA:73,(anonymous_7)
FNDA:89,(anonymous_8)
FNDA:24,(anonymous_9)
FNDA:71,(anonymous_10)
FNDA:29,(anonymous_11)
FNDA:29,(anonymous_12)
FNDA:29,(anonymous_13)
FNDA:73,(anonymous_14)
FNDA:89,(anonymous_15)
FNDA:29,(anonymous_16)
FNDA:29,(anonymous_17)
FNDA:349,(anonymous_18)
FNDA:26,(anonymous_19)
FNDA:26,(anonymous_20)
FNDA:24,(anonymous_21)
FNDA:29,(anonymous_22)
FNDA:29,(anonymous_23)
FNDA:29,(anonymous_24)
FNDA:2,(anonymous_25)
FNDA:2,(anonymous_26)
FNDA:10,(anonymous_27)
FNDA:277,(anonymous_28)
FNDA:116,(anonymous_29)
FNDA:24,(anonymous_30)
DA:1,2
DA:8,2
DA:20,2
DA:28,2
DA:44,2
DA:49,2
DA:51,2
DA:63,2
DA:81,2
DA:114,2
DA:119,29
DA:120,29
DA:121,29
DA:124,29
DA:125,29
DA:126,29
DA:127,29
DA:128,29
DA:129,29
DA:132,29
DA:134,28
DA:135,28
DA:136,23
DA:141,24
DA:142,24
DA:143,24
DA:146,24
DA:150,24
DA:162,29
DA:168,30
DA:172,30
DA:176,1
DA:183,29
DA:185,29
DA:191,29
DA:192,3
DA:193,3
DA:194,3
DA:198,29
DA:204,29
DA:205,29
DA:206,29
DA:207,29
DA:208,29
DA:210,29
DA:211,29
DA:214,29
DA:224,29
DA:225,29
DA:229,29
DA:230,29
DA:239,29
DA:241,29
DA:244,29
DA:249,29
DA:251,29
DA:252,29
DA:256,29
DA:258,29
DA:259,29
DA:263,29
DA:265,29
DA:266,29
DA:267,29
DA:270,29
DA:273,29
DA:274,0
DA:275,0
DA:286,0
DA:291,0
DA:293,29
DA:301,29
DA:302,29
DA:303,29
DA:304,73
DA:306,29
DA:307,89
DA:311,29
DA:316,1
DA:324,29
DA:329,1
DA:337,29
DA:338,29
DA:362,29
DA:371,29
DA:372,29
DA:373,1
DA:374,1
DA:381,1
DA:385,29
DA:391,29
DA:392,29
DA:394,29
DA:398,29
DA:401,29
DA:402,29
DA:403,29
DA:404,29
DA:405,29
DA:406,29
DA:409,29
DA:410,29
DA:412,29
DA:413,73
DA:415,29
DA:416,89
DA:420,29
DA:434,29
DA:435,5
DA:436,5
DA:437,5
DA:438,24
DA:439,2
DA:440,0
DA:442,2
DA:444,2
DA:445,1
DA:447,1
DA:449,2
DA:450,1
DA:452,1
DA:457,29
DA:460,29
DA:461,24
DA:468,24
DA:469,23
DA:471,24
DA:477,24
DA:478,24
DA:479,24
DA:482,24
DA:483,24
DA:490,24
DA:491,24
DA:492,24
DA:498,24
DA:499,2
DA:506,24
DA:515,29
DA:516,23
DA:522,23
DA:523,71
DA:526,23
DA:527,22
DA:529,23
DA:537,23
DA:538,23
DA:539,23
DA:540,23
DA:546,23
DA:547,2
DA:554,23
DA:563,29
DA:564,23
DA:565,23
DA:566,22
DA:568,23
DA:574,23
DA:575,23
DA:576,23
DA:577,23
DA:583,23
DA:584,2
DA:591,23
DA:599,29
DA:601,29
DA:602,24
DA:606,29
DA:611,29
DA:612,29
DA:614,29
DA:617,29
DA:618,29
DA:619,29
DA:620,29
DA:621,29
DA:627,29
DA:628,2
DA:629,2
DA:630,27
DA:631,2
DA:632,0
DA:634,2
DA:636,2
DA:637,1
DA:639,1
DA:643,29
DA:644,26
DA:645,25
DA:646,25
DA:651,29
DA:653,0
DA:655,0
DA:656,0
DA:657,0
DA:658,0
DA:659,0
DA:660,0
DA:682,29
DA:683,27
DA:690,27
DA:691,27
DA:692,27
DA:694,27
DA:708,29
DA:709,26
DA:712,26
DA:720,26
DA:721,26
DA:722,26
DA:724,26
DA:730,26
DA:733,29
DA:763,29
DA:768,29
DA:769,29
DA:772,29
DA:774,29
DA:775,29
DA:778,29
DA:781,29
DA:785,29
DA:786,4
DA:788,25
DA:789,0
DA:791,25
DA:798,1
DA:799,1
DA:800,1
DA:801,1
DA:802,1
DA:804,1
DA:805,4
DA:808,1
DA:809,2
DA:810,2
DA:814,2
DA:815,1
DA:819,2
DA:820,1
DA:825,1
DA:826,2
DA:831,2
DA:835,24
DA:836,22
DA:841,22
DA:843,24
DA:844,21
DA:849,21
DA:851,24
DA:852,21
DA:857,21
DA:861,25
DA:865,349
DA:873,26
DA:876,26
DA:877,0
DA:881,26
DA:882,26
DA:883,26
DA:890,26
DA:891,26
DA:892,133
DA:893,128
DA:898,26
DA:903,26
DA:904,1
DA:905,1
DA:910,26
DA:915,26
DA:916,26
DA:919,26
DA:920,3
DA:921,3
DA:922,3
DA:937,24
DA:938,24
DA:939,122
DA:940,5
DA:945,24
DA:950,24
DA:951,1
DA:952,0
DA:956,24
DA:958,2
DA:963,2
DA:964,2
DA:967,2
DA:968,2
DA:969,0
DA:975,29
DA:978,29
DA:986,29
DA:987,29
DA:988,0
DA:990,29
DA:995,0
DA:996,0
DA:1000,0
DA:1002,0
DA:1007,29
DA:1017,29
DA:1020,4
DA:1022,4
DA:1024,2
DA:1027,2
DA:1028,2
DA:1032,2
DA:1033,0
DA:1037,2
DA:1038,2
DA:1041,2
DA:1042,2
DA:1043,10
DA:1046,2
DA:1051,2
DA:1059,277
DA:1065,116
DA:1072,4
DA:1074,112
DA:1082,24
DA:1085,24
DA:1089,24
LF:323
LH:300
BRDA:118,0,0,29
BRDA:135,1,0,23
BRDA:136,2,0,23
BRDA:136,2,1,0
BRDA:142,3,0,24
BRDA:168,4,0,30
BRDA:168,4,1,30
BRDA:168,4,2,30
BRDA:172,5,0,1
BRDA:173,6,0,30
BRDA:173,6,1,2
BRDA:193,7,0,3
BRDA:206,8,0,0
BRDA:206,8,1,29
BRDA:211,9,0,0
BRDA:211,9,1,29
BRDA:273,10,0,0
BRDA:392,11,0,0
BRDA:392,11,1,29
BRDA:421,12,0,28
BRDA:421,12,1,1
BRDA:426,13,0,28
BRDA:426,13,1,1
BRDA:434,14,0,5
BRDA:434,14,1,24
BRDA:438,15,0,2
BRDA:439,16,0,0
BRDA:439,16,1,2
BRDA:444,17,0,1
BRDA:444,17,1,1
BRDA:449,18,0,1
BRDA:449,18,1,1
BRDA:460,19,0,24
BRDA:468,20,0,23
BRDA:482,21,0,24
BRDA:498,22,0,2
BRDA:515,23,0,23
BRDA:526,24,0,22
BRDA:546,25,0,2
BRDA:563,26,0,23
BRDA:565,27,0,22
BRDA:583,28,0,2
BRDA:601,29,0,24
BRDA:601,30,0,29
BRDA:601,30,1,5
BRDA:601,30,2,5
BRDA:621,31,0,0
BRDA:621,31,1,29
BRDA:627,32,0,2
BRDA:627,32,1,27
BRDA:630,33,0,2
BRDA:631,34,0,0
BRDA:631,34,1,2
BRDA:636,35,0,1
BRDA:636,35,1,1
BRDA:643,36,0,26
BRDA:644,37,0,25
BRDA:651,38,0,0
BRDA:682,39,0,27
BRDA:708,40,0,26
BRDA:785,41,0,4
BRDA:788,42,0,0
BRDA:788,43,0,25
BRDA:788,43,1,1
BRDA:791,44,0,1
BRDA:791,44,1,24
BRDA:792,45,0,25
BRDA:792,45,1,1
BRDA:792,45,2,0
BRDA:792,45,3,0
BRDA:799,46,0,1
BRDA:799,46,1,0
BRDA:800,47,0,1
BRDA:800,47,1,0
BRDA:801,48,0,1
BRDA:801,48,1,0
BRDA:809,49,0,2
BRDA:809,50,0,2
BRDA:809,50,1,2
BRDA:814,51,0,1
BRDA:814,52,0,2
BRDA:814,52,1,1
BRDA:819,53,0,1
BRDA:819,54,0,2
BRDA:819,54,1,1
BRDA:835,55,0,22
BRDA:843,56,0,21
BRDA:851,57,0,21
BRDA:311,58,0,1
BRDA:324,59,0,1
BRDA:342,60,0,12
BRDA:342,60,1,17
BRDA:342,61,0,29
BRDA:342,61,1,28
BRDA:351,62,0,12
BRDA:351,62,1,17
BRDA:351,63,0,29
BRDA:351,63,1,28
BRDA:372,64,0,1
BRDA:871,65,0,26
BRDA:876,66,0,0
BRDA:892,67,0,128
BRDA:904,68,0,1
BRDA:915,69,0,26
BRDA:919,70,0,3
BRDA:921,71,0,3
BRDA:939,72,0,5
BRDA:951,73,0,0
BRDA:956,74,0,2
BRDA:963,75,0,2
BRDA:968,76,0,0
BRDA:987,77,0,0
BRDA:987,78,0,29
BRDA:987,78,1,0
BRDA:990,79,0,0
BRDA:991,80,0,29
BRDA:991,80,1,0
BRDA:991,80,2,0
BRDA:996,81,0,0
BRDA:996,81,1,0
BRDA:997,82,0,0
BRDA:997,82,1,0
BRDA:1017,83,0,4
BRDA:1022,84,0,2
BRDA:1032,85,0,0
BRDA:1032,86,0,2
BRDA:1032,86,1,2
BRDA:1041,87,0,2
BRDA:1065,88,0,4
BRDA:1066,89,0,116
BRDA:1066,89,1,64
BRDA:1068,90,0,64
BRDA:1068,90,1,60
BRDA:1082,91,0,1
BRDA:1082,91,1,23
BRDA:1086,92,0,0
BRDA:1086,92,1,24
BRDA:1086,93,0,24
BRDA:1086,93,1,24
BRF:139
BRH:110
end_of_record
TN:
SF:src/ModelDirectiveArgs.ts
FN:37,getCreatedAtFieldName
FN:41,getUpdatedAtFieldName
FN:45,getTimestampFieldName
FNF:3
FNH:3
FNDA:87,getCreatedAtFieldName
FNDA:87,getUpdatedAtFieldName
FNDA:174,getTimestampFieldName
DA:1,2
DA:37,2
DA:38,87
DA:41,2
DA:42,87
DA:45,2
DA:46,174
DA:47,174
DA:54,174
DA:55,166
DA:56,10
DA:58,156
LF:12
LH:12
BRDA:54,0,0,8
BRDA:55,1,0,10
BRDA:55,2,0,166
BRDA:55,2,1,12
BRF:4
BRH:4
end_of_record
TN:
SF:src/definitions.ts
FN:54,getNonModelObjectArray
FN:67,(anonymous_1)
FN:81,makeNonModelInputObject
FN:88,(anonymous_3)
FN:92,(anonymous_4)
FN:99,(anonymous_5)
FN:100,(anonymous_6)
FN:128,makeCreateInputObject
FN:146,(anonymous_8)
FN:148,(anonymous_9)
FN:152,(anonymous_10)
FN:159,(anonymous_11)
FN:170,(anonymous_12)
FN:206,getFieldsOptionalNonNullableField
FN:207,(anonymous_14)
FN:214,(anonymous_15)
FN:219,(anonymous_16)
FN:222,makeUpdateInputObject
FN:230,(anonymous_18)
FN:234,(anonymous_19)
FN:241,(anonymous_20)
FN:248,(anonymous_21)
FN:279,makeDeleteInputObject
FN:313,makeModelXFilterInputObject
FN:320,(anonymous_24)
FN:326,(anonymous_25)
FN:398,makeModelXConditionInputObject
FN:405,(anonymous_27)
FN:411,(anonymous_28)
FN:483,makeEnumFilterInputObjects
FN:489,(anonymous_30)
FN:493,(anonymous_31)
FN:555,makeModelSortDirectionEnumObject
FN:579,makeModelScalarFilterInputObject
FN:582,(anonymous_34)
FN:610,getScalarFilterInputType
FN:622,getScalarConditions
FN:639,makeSizeInputType
FN:641,(anonymous_38)
FN:665,getFunctionListForType
FN:682,makeFunctionInputFields
FN:722,makeAttributeTypeEnum
FN:723,(anonymous_42)
FN:732,(anonymous_43)
FN:737,makeModelConnectionType
FN:748,makeSubscriptionField
FN:767,makeModelConnectionField
FN:792,makeScalarFilterInputs
FNF:48
FNH:46
FNDA:32,getNonModelObjectArray
FNDA:0,(anonymous_1)
FNDA:3,makeNonModelInputObject
FNDA:5,(anonymous_3)
FNDA:3,(anonymous_4)
FNDA:5,(anonymous_5)
FNDA:7,(anonymous_6)
FNDA:24,makeCreateInputObject
FNDA:24,(anonymous_8)
FNDA:75,(anonymous_9)
FNDA:4,(anonymous_10)
FNDA:75,(anonymous_11)
FNDA:6,(anonymous_12)
FNDA:23,getFieldsOptionalNonNullableField
FNDA:71,(anonymous_14)
FNDA:71,(anonymous_15)
FNDA:15,(anonymous_16)
FNDA:23,makeUpdateInputObject
FNDA:71,(anonymous_18)
FNDA:4,(anonymous_19)
FNDA:71,(anonymous_20)
FNDA:13,(anonymous_21)
FNDA:23,makeDeleteInputObject
FNDA:26,makeModelXFilterInputObject
FNDA:81,(anonymous_24)
FNDA:79,(anonymous_25)
FNDA:2,makeModelXConditionInputObject
FNDA:4,(anonymous_27)
FNDA:4,(anonymous_28)
FNDA:50,makeEnumFilterInputObjects
FNDA:156,(anonymous_30)
FNDA:2,(anonymous_31)
FNDA:25,makeModelSortDirectionEnumObject
FNDA:250,makeModelScalarFilterInputObject
FNDA:1800,(anonymous_34)
FNDA:1835,getScalarFilterInputType
FNDA:250,getScalarConditions
FNDA:5,makeSizeInputType
FNDA:35,(anonymous_38)
FNDA:25,getFunctionListForType
FNDA:25,makeFunctionInputFields
FNDA:5,makeAttributeTypeEnum
FNDA:50,(anonymous_42)
FNDA:50,(anonymous_43)
FNDA:26,makeModelConnectionType
FNDA:66,makeSubscriptionField
FNDA:0,makeModelConnectionField
FNDA:50,makeScalarFilterInputs
DA:1,2
DA:15,2
DA:37,2
DA:39,2
DA:40,2
DA:41,2
DA:42,2
DA:43,2
DA:44,2
DA:46,2
DA:47,2
DA:48,2
DA:49,2
DA:50,2
DA:52,2
DA:54,2
DA:60,32
DA:61,96
DA:62,5
DA:64,5
DA:67,0
DA:72,3
DA:73,3
DA:78,32
DA:81,2
DA:86,3
DA:87,3
DA:89,5
DA:90,5
DA:92,3
DA:95,5
DA:97,0
DA:100,7
DA:103,5
DA:112,3
DA:128,2
DA:135,24
DA:136,24
DA:137,24
DA:140,24
DA:146,24
DA:147,24
DA:149,75
DA:150,75
DA:152,4
DA:155,75
DA:157,0
DA:161,75
DA:162,75
DA:168,44
DA:170,31
DA:174,75
DA:184,24
DA:185,0
DA:187,24
DA:206,2
DA:207,23
DA:208,71
DA:209,71
DA:212,23
DA:215,71
DA:219,15
DA:222,2
DA:228,23
DA:229,23
DA:231,71
DA:232,71
DA:234,4
DA:237,71
DA:239,0
DA:243,71
DA:244,22
DA:246,49
DA:248,71
DA:251,71
DA:260,23
DA:261,0
DA:263,23
DA:279,2
DA:280,23
DA:281,23
DA:294,23
DA:295,0
DA:297,23
DA:313,2
DA:318,26
DA:319,26
DA:321,81
DA:322,81
DA:323,79
DA:327,79
DA:328,79
DA:329,79
DA:330,79
DA:332,79
DA:336,79
DA:346,26
DA:382,26
DA:398,2
DA:403,2
DA:404,2
DA:406,4
DA:407,4
DA:408,4
DA:412,4
DA:413,4
DA:414,4
DA:415,4
DA:417,4
DA:421,4
DA:431,2
DA:467,2
DA:483,2
DA:488,50
DA:490,156
DA:491,156
DA:494,2
DA:495,2
DA:496,2
DA:499,2
DA:501,2
DA:511,2
DA:521,2
DA:522,2
DA:532,2
DA:543,2
DA:555,2
DA:556,25
DA:557,25
DA:579,2
DA:580,250
DA:581,250
DA:582,1800
DA:590,250
DA:591,250
DA:592,25
DA:594,250
DA:611,1835
DA:613,205
DA:616,0
DA:618,1630
DA:623,250
DA:625,50
DA:627,50
DA:629,50
DA:631,50
DA:633,50
DA:635,0
DA:640,5
DA:641,35
DA:649,5
DA:666,25
DA:668,5
DA:670,5
DA:672,5
DA:674,5
DA:676,5
DA:678,0
DA:683,25
DA:684,25
DA:686,25
DA:687,25
DA:697,25
DA:698,25
DA:708,25
DA:709,10
DA:719,25
DA:722,2
DA:723,50
DA:729,5
DA:732,50
DA:737,2
DA:738,26
DA:739,26
DA:740,26
DA:741,26
DA:742,26
DA:743,0
DA:745,26
DA:748,2
DA:749,66
DA:767,2
DA:773,0
DA:779,0
DA:781,0
DA:782,0
DA:784,0
DA:787,0
DA:789,0
DA:792,2
DA:793,50
DA:801,50
DA:802,5
DA:805,50
LF:194
LH:176
BRDA:61,0,0,5
BRDA:64,1,0,3
BRDA:65,2,0,5
BRDA:65,2,1,5
BRDA:65,2,2,4
BRDA:65,2,3,4
BRDA:90,3,0,5
BRDA:91,4,0,5
BRDA:91,4,1,2
BRDA:91,4,2,0
BRDA:91,4,3,0
BRDA:100,5,0,2
BRDA:100,5,1,3
BRDA:133,6,0,0
BRDA:150,7,0,75
BRDA:151,8,0,75
BRDA:151,8,1,3
BRDA:151,8,2,1
BRDA:151,8,3,1
BRDA:162,9,0,44
BRDA:162,9,1,31
BRDA:163,10,0,75
BRDA:163,10,1,49
BRDA:170,11,0,2
BRDA:170,11,1,29
BRDA:184,12,0,0
BRDA:200,13,0,23
BRDA:200,13,1,1
BRDA:215,14,0,71
BRDA:215,14,1,71
BRDA:215,14,2,34
BRDA:226,15,0,0
BRDA:232,16,0,71
BRDA:233,17,0,71
BRDA:233,17,1,3
BRDA:233,17,2,1
BRDA:233,17,3,1
BRDA:243,18,0,22
BRDA:243,18,1,49
BRDA:248,19,0,2
BRDA:248,19,1,69
BRDA:260,20,0,0
BRDA:279,21,0,0
BRDA:294,22,0,0
BRDA:322,23,0,79
BRDA:322,24,0,81
BRDA:322,24,1,3
BRDA:322,24,2,3
BRDA:330,25,0,79
BRDA:330,25,1,1
BRDA:332,26,0,1
BRDA:332,26,1,78
BRDA:332,27,0,79
BRDA:332,27,1,1
BRDA:407,28,0,4
BRDA:407,29,0,4
BRDA:407,29,1,0
BRDA:407,29,2,0
BRDA:415,30,0,4
BRDA:415,30,1,0
BRDA:417,31,0,0
BRDA:417,31,1,4
BRDA:417,32,0,4
BRDA:417,32,1,0
BRDA:491,33,0,156
BRDA:491,33,1,6
BRDA:496,34,0,2
BRDA:496,34,1,0
BRDA:507,35,0,2
BRDA:507,35,1,0
BRDA:517,36,0,2
BRDA:517,36,1,0
BRDA:521,37,0,2
BRDA:591,38,0,25
BRDA:611,39,0,205
BRDA:611,39,1,0
BRDA:611,39,2,0
BRDA:611,39,3,1630
BRDA:623,40,0,50
BRDA:623,40,1,50
BRDA:623,40,2,50
BRDA:623,40,3,50
BRDA:623,40,4,50
BRDA:623,40,5,0
BRDA:666,41,0,5
BRDA:666,41,1,5
BRDA:666,41,2,5
BRDA:666,41,3,5
BRDA:666,41,4,5
BRDA:666,41,5,0
BRDA:686,42,0,25
BRDA:697,43,0,25
BRDA:708,44,0,10
BRDA:737,45,0,0
BRDA:742,46,0,0
BRDA:779,47,0,0
BRDA:781,48,0,0
BRDA:781,48,1,0
BRDA:801,49,0,5
BRF:99
BRH:74
end_of_record
TN:
SF:src/resources.ts
FN:56,(anonymous_1)
FN:834,(anonymous_2)
FN:57,(anonymous_3)
FN:88,(anonymous_4)
FN:119,(anonymous_5)
FN:130,(anonymous_6)
FN:140,(anonymous_7)
FN:150,(anonymous_8)
FN:160,(anonymous_9)
FN:170,(anonymous_10)
FN:180,(anonymous_11)
FN:193,(anonymous_12)
FN:254,(anonymous_13)
FN:271,(anonymous_14)
FN:372,(anonymous_15)
FN:393,(anonymous_16)
FN:448,(anonymous_17)
FN:449,(anonymous_18)
FN:476,(anonymous_19)
FN:590,(anonymous_20)
FN:618,(anonymous_21)
FN:641,(anonymous_22)
FN:688,(anonymous_23)
FN:743,(anonymous_24)
FNF:24
FNH:21
FNDA:29,(anonymous_1)
FNDA:70,(anonymous_2)
FNDA:29,(anonymous_3)
FNDA:29,(anonymous_4)
FNDA:29,(anonymous_5)
FNDA:0,(anonymous_6)
FNDA:29,(anonymous_7)
FNDA:29,(anonymous_8)
FNDA:29,(anonymous_9)
FNDA:29,(anonymous_10)
FNDA:29,(anonymous_11)
FNDA:29,(anonymous_12)
FNDA:116,(anonymous_13)
FNDA:29,(anonymous_14)
FNDA:29,(anonymous_15)
FNDA:24,(anonymous_16)
FNDA:24,(anonymous_17)
FNDA:27,(anonymous_18)
FNDA:23,(anonymous_19)
FNDA:27,(anonymous_20)
FNDA:0,(anonymous_21)
FNDA:0,(anonymous_22)
FNDA:26,(anonymous_23)
FNDA:23,(anonymous_24)
DA:1,2
DA:3,2
DA:26,2
DA:35,2
DA:36,2
DA:38,2
DA:56,2
DA:58,29
DA:89,29
DA:120,29
DA:131,0
DA:141,29
DA:151,29
DA:161,29
DA:171,29
DA:181,29
DA:201,29
DA:214,29
DA:226,29
DA:255,116
DA:272,29
DA:373,29
DA:394,24
DA:395,24
DA:396,24
DA:449,27
DA:450,24
DA:484,23
DA:485,23
DA:486,23
DA:488,23
DA:591,27
DA:592,27
DA:619,0
DA:620,0
DA:642,0
DA:643,0
DA:695,26
DA:696,26
DA:697,26
DA:744,23
DA:745,23
DA:746,23
DA:834,29
DA:835,70
DA:836,70
LF:46
LH:41
BRDA:835,0,0,24
BRDA:835,0,1,46
BRDA:195,1,0,29
BRDA:197,2,0,0
BRDA:198,3,0,0
BRDA:201,4,0,0
BRDA:201,4,1,29
BRDA:201,5,0,29
BRDA:201,5,1,29
BRDA:214,6,0,0
BRDA:214,6,1,29
BRDA:214,7,0,29
BRDA:214,7,1,29
BRDA:248,8,0,29
BRDA:248,8,1,0
BRDA:324,9,0,0
BRDA:324,9,1,29
BRDA:361,10,0,0
BRDA:361,10,1,29
BRDA:361,11,0,29
BRDA:361,11,1,0
BRDA:372,12,0,0
BRDA:381,13,0,29
BRDA:381,13,1,0
BRDA:393,14,0,24
BRDA:394,15,0,2
BRDA:394,15,1,22
BRDA:395,16,0,0
BRDA:395,16,1,24
BRDA:444,17,0,24
BRDA:444,17,1,0
BRDA:449,18,0,0
BRDA:449,18,1,24
BRDA:449,19,0,24
BRDA:449,19,1,24
BRDA:449,20,0,27
BRDA:449,20,1,23
BRDA:452,21,0,20
BRDA:452,21,1,4
BRDA:453,22,0,22
BRDA:453,22,1,2
BRDA:453,23,0,24
BRDA:453,23,1,24
BRDA:453,23,2,2
BRDA:456,24,0,22
BRDA:456,24,1,2
BRDA:456,25,0,24
BRDA:456,25,1,24
BRDA:464,26,0,22
BRDA:464,26,1,2
BRDA:464,27,0,24
BRDA:464,27,1,24
BRDA:480,28,0,23
BRDA:484,29,0,1
BRDA:484,29,1,22
BRDA:485,30,0,0
BRDA:485,30,1,23
BRDA:521,31,0,21
BRDA:521,31,1,2
BRDA:521,32,0,23
BRDA:521,32,1,23
BRDA:582,33,0,23
BRDA:582,33,1,0
BRDA:590,34,0,0
BRDA:590,35,0,0
BRDA:591,36,0,2
BRDA:591,36,1,25
BRDA:618,37,0,0
BRDA:641,38,0,0
BRDA:641,39,0,0
BRDA:642,40,0,0
BRDA:642,40,1,0
BRDA:692,41,0,0
BRDA:693,42,0,0
BRDA:695,43,0,1
BRDA:695,43,1,25
BRDA:743,44,0,23
BRDA:744,45,0,1
BRDA:744,45,1,22
BRDA:745,46,0,0
BRDA:745,46,1,23
BRDA:825,47,0,23
BRDA:825,47,1,0
BRF:83
BRH:57
end_of_record
